This is pdfTeX, Version 3.141592653-2.6-1.40.26 (TeX Live 2024) (preloaded format=pdflatex 2024.9.16)  21 DEC 2024 12:42
entering extended mode
 restricted \write18 enabled.
 file:line:error style messages enabled.
 %&-line parsing enabled.
**"c:/Users/Eyad Tamer/Downloads/Bachelor/Thesis-Paper/[Template] Bachelor Thesis-2024/bachelor.tex"
(c:/Users/Eyad Tamer/Downloads/Bachelor/Thesis-Paper/[Template] Bachelor Thesis-2024/bachelor.tex
LaTeX2e <2024-06-01> patch level 2
L3 programming layer <2024-08-30>
(c:/texlive/2024/texmf-dist/tex/latex/base/book.cls
Document Class: book 2024/02/08 v1.4n Standard LaTeX document class
(c:/texlive/2024/texmf-dist/tex/latex/base/bk12.clo
File: bk12.clo 2024/02/08 v1.4n Standard LaTeX file (size option)
)
\c@part=\count194
\c@chapter=\count195
\c@section=\count196
\c@subsection=\count197
\c@subsubsection=\count198
\c@paragraph=\count199
\c@subparagraph=\count266
\c@figure=\count267
\c@table=\count268
\abovecaptionskip=\skip49
\belowcaptionskip=\skip50
\bibindent=\dimen141
) (c:/texlive/2024/texmf-dist/tex/latex/preprint/fullpage.sty
Package: fullpage 1999/02/23 1.1 (PWD)
\FP@margin=\skip51
) (c:/texlive/2024/texmf-dist/tex/latex/setspace/setspace.sty
Package: setspace 2022/12/04 v6.7b set line spacing
) (c:/texlive/2024/texmf-dist/tex/latex/graphics/graphicx.sty
Package: graphicx 2021/09/16 v1.2d Enhanced LaTeX Graphics (DPC,SPQR)
 (c:/texlive/2024/texmf-dist/tex/latex/graphics/keyval.sty
Package: keyval 2022/05/29 v1.15 key=value parser (DPC)
\KV@toks@=\toks17
) (c:/texlive/2024/texmf-dist/tex/latex/graphics/graphics.sty
Package: graphics 2024/05/23 v1.4g Standard LaTeX Graphics (DPC,SPQR)
 (c:/texlive/2024/texmf-dist/tex/latex/graphics/trig.sty
Package: trig 2023/12/02 v1.11 sin cos tan (DPC)
) (c:/texlive/2024/texmf-dist/tex/latex/graphics-cfg/graphics.cfg
File: graphics.cfg 2016/06/04 v1.11 sample graphics configuration
)
Package graphics Info: Driver file: pdftex.def on input line 106.
 (c:/texlive/2024/texmf-dist/tex/latex/graphics-def/pdftex.def
File: pdftex.def 2024/04/13 v1.2c Graphics/color driver for pdftex
))
\Gin@req@height=\dimen142
\Gin@req@width=\dimen143
) (c:/texlive/2024/texmf-dist/tex/latex/float/float.sty
Package: float 2001/11/08 v1.3d Float enhancements (AL)
\c@float@type=\count269
\float@exts=\toks18
\float@box=\box52
\@float@everytoks=\toks19
\@floatcapt=\box53
) (c:/texlive/2024/texmf-dist/tex/latex/subfig/subfig.sty
Package: subfig 2005/06/28 ver: 1.3 subfig package
 (c:/texlive/2024/texmf-dist/tex/latex/caption/caption.sty
Package: caption 2023/08/05 v3.6o Customizing captions (AR)
 (c:/texlive/2024/texmf-dist/tex/latex/caption/caption3.sty
Package: caption3 2023/07/31 v2.4d caption3 kernel (AR)
\caption@tempdima=\dimen144
\captionmargin=\dimen145
\caption@leftmargin=\dimen146
\caption@rightmargin=\dimen147
\caption@width=\dimen148
\caption@indent=\dimen149
\caption@parindent=\dimen150
\caption@hangindent=\dimen151
Package caption Info: Standard document class detected.
)
\c@caption@flags=\count270
\c@continuedfloat=\count271
Package caption Info: float package is loaded.
)
\c@KVtest=\count272
\sf@farskip=\skip52
\sf@captopadj=\dimen152
\sf@capskip=\skip53
\sf@nearskip=\skip54
\c@subfigure=\count273
\c@subfigure@save=\count274
\c@lofdepth=\count275
\c@subtable=\count276
\c@subtable@save=\count277
\c@lotdepth=\count278
\sf@top=\skip55
\sf@bottom=\skip56
) (c:/texlive/2024/texmf-dist/tex/latex/tools/array.sty
Package: array 2024/06/14 v2.6d Tabular extension package (FMi)
\col@sep=\dimen153
\ar@mcellbox=\box54
\extrarowheight=\dimen154
\NC@list=\toks20
\extratabsurround=\skip57
\backup@length=\skip58
\ar@cellbox=\box55
) (c:/texlive/2024/texmf-dist/tex/latex/multirow/multirow.sty
Package: multirow 2021/03/15 v2.8 Span multiple rows of a table
\multirow@colwidth=\skip59
\multirow@cntb=\count279
\multirow@dima=\skip60
\bigstrutjot=\dimen155
) (c:/texlive/2024/texmf-dist/tex/latex/booktabs/booktabs.sty
Package: booktabs 2020/01/12 v1.61803398 Publication quality tables
\heavyrulewidth=\dimen156
\lightrulewidth=\dimen157
\cmidrulewidth=\dimen158
\belowrulesep=\dimen159
\belowbottomsep=\dimen160
\aboverulesep=\dimen161
\abovetopsep=\dimen162
\cmidrulesep=\dimen163
\cmidrulekern=\dimen164
\defaultaddspace=\dimen165
\@cmidla=\count280
\@cmidlb=\count281
\@aboverulesep=\dimen166
\@belowrulesep=\dimen167
\@thisruleclass=\count282
\@lastruleclass=\count283
\@thisrulewidth=\dimen168
) (c:/texlive/2024/texmf-dist/tex/latex/appendix/appendix.sty
Package: appendix 2020/02/08 v1.2c extra appendix facilities
\c@@pps=\count284
\c@@ppsavesec=\count285
\c@@ppsaveapp=\count286
) (c:/texlive/2024/texmf-dist/tex/latex/hyperref/hyperref.sty
Package: hyperref 2024-07-10 v7.01j Hypertext links for LaTeX
 (c:/texlive/2024/texmf-dist/tex/generic/iftex/iftex.sty
Package: iftex 2022/02/03 v1.0f TeX engine tests
) (c:/texlive/2024/texmf-dist/tex/latex/kvsetkeys/kvsetkeys.sty
Package: kvsetkeys 2022-10-05 v1.19 Key value parser (HO)
) (c:/texlive/2024/texmf-dist/tex/generic/kvdefinekeys/kvdefinekeys.sty
Package: kvdefinekeys 2019-12-19 v1.6 Define keys (HO)
) (c:/texlive/2024/texmf-dist/tex/generic/pdfescape/pdfescape.sty
Package: pdfescape 2019/12/09 v1.15 Implements pdfTeX's escape features (HO)
 (c:/texlive/2024/texmf-dist/tex/generic/ltxcmds/ltxcmds.sty
Package: ltxcmds 2023-12-04 v1.26 LaTeX kernel commands for general use (HO)
) (c:/texlive/2024/texmf-dist/tex/generic/pdftexcmds/pdftexcmds.sty
Package: pdftexcmds 2020-06-27 v0.33 Utility functions of pdfTeX for LuaTeX (HO)
 (c:/texlive/2024/texmf-dist/tex/generic/infwarerr/infwarerr.sty
Package: infwarerr 2019/12/03 v1.5 Providing info/warning/error messages (HO)
)
Package pdftexcmds Info: \pdf@primitive is available.
Package pdftexcmds Info: \pdf@ifprimitive is available.
Package pdftexcmds Info: \pdfdraftmode found.
)) (c:/texlive/2024/texmf-dist/tex/latex/hycolor/hycolor.sty
Package: hycolor 2020-01-27 v1.10 Color options for hyperref/bookmark (HO)
) (c:/texlive/2024/texmf-dist/tex/latex/hyperref/nameref.sty
Package: nameref 2023-11-26 v2.56 Cross-referencing by name of section
 (c:/texlive/2024/texmf-dist/tex/latex/refcount/refcount.sty
Package: refcount 2019/12/15 v3.6 Data extraction from label references (HO)
) (c:/texlive/2024/texmf-dist/tex/generic/gettitlestring/gettitlestring.sty
Package: gettitlestring 2019/12/15 v1.6 Cleanup title references (HO)
 (c:/texlive/2024/texmf-dist/tex/latex/kvoptions/kvoptions.sty
Package: kvoptions 2022-06-15 v3.15 Key value format for package options (HO)
))
\c@section@level=\count287
) (c:/texlive/2024/texmf-dist/tex/latex/etoolbox/etoolbox.sty
Package: etoolbox 2020/10/05 v2.5k e-TeX tools for LaTeX (JAW)
\etb@tempcnta=\count288
) (c:/texlive/2024/texmf-dist/tex/generic/stringenc/stringenc.sty
Package: stringenc 2019/11/29 v1.12 Convert strings between diff. encodings (HO)
)
\@linkdim=\dimen169
\Hy@linkcounter=\count289
\Hy@pagecounter=\count290
 (c:/texlive/2024/texmf-dist/tex/latex/hyperref/pd1enc.def
File: pd1enc.def 2024-07-10 v7.01j Hyperref: PDFDocEncoding definition (HO)
Now handling font encoding PD1 ...
... no UTF-8 mapping file for font encoding PD1
) (c:/texlive/2024/texmf-dist/tex/generic/intcalc/intcalc.sty
Package: intcalc 2019/12/15 v1.3 Expandable calculations with integers (HO)
)
\Hy@SavedSpaceFactor=\count291
 (c:/texlive/2024/texmf-dist/tex/latex/hyperref/puenc.def
File: puenc.def 2024-07-10 v7.01j Hyperref: PDF Unicode definition (HO)
Now handling font encoding PU ...
... no UTF-8 mapping file for font encoding PU
)
Package hyperref Info: Option `colorlinks' set `true' on input line 4040.
Package hyperref Info: Hyper figures OFF on input line 4157.
Package hyperref Info: Link nesting OFF on input line 4162.
Package hyperref Info: Hyper index ON on input line 4165.
Package hyperref Info: Plain pages OFF on input line 4172.
Package hyperref Info: Backreferencing OFF on input line 4177.
Package hyperref Info: Implicit mode ON; LaTeX internals redefined.
Package hyperref Info: Bookmarks ON on input line 4424.
\c@Hy@tempcnt=\count292
 (c:/texlive/2024/texmf-dist/tex/latex/url/url.sty
\Urlmuskip=\muskip17
Package: url 2013/09/16  ver 3.4  Verb mode for urls, etc.
)
LaTeX Info: Redefining \url on input line 4763.
\XeTeXLinkMargin=\dimen170
 (c:/texlive/2024/texmf-dist/tex/generic/bitset/bitset.sty
Package: bitset 2019/12/09 v1.3 Handle bit-vector datatype (HO)
 (c:/texlive/2024/texmf-dist/tex/generic/bigintcalc/bigintcalc.sty
Package: bigintcalc 2019/12/15 v1.5 Expandable calculations on big integers (HO)
))
\Fld@menulength=\count293
\Field@Width=\dimen171
\Fld@charsize=\dimen172
Package hyperref Info: Hyper figures OFF on input line 6042.
Package hyperref Info: Link nesting OFF on input line 6047.
Package hyperref Info: Hyper index ON on input line 6050.
Package hyperref Info: backreferencing OFF on input line 6057.
Package hyperref Info: Link coloring ON on input line 6060.
Package hyperref Info: Link coloring with OCG OFF on input line 6067.
Package hyperref Info: PDF/A mode OFF on input line 6072.
 (c:/texlive/2024/texmf-dist/tex/latex/base/atbegshi-ltx.sty
Package: atbegshi-ltx 2021/01/10 v1.0c Emulation of the original atbegshi
package with kernel methods
)
\Hy@abspage=\count294
\c@Item=\count295
\c@Hfootnote=\count296
)
Package hyperref Info: Driver (autodetected): hpdftex.
 (c:/texlive/2024/texmf-dist/tex/latex/hyperref/hpdftex.def
File: hpdftex.def 2024-07-10 v7.01j Hyperref driver for pdfTeX
 (c:/texlive/2024/texmf-dist/tex/latex/base/atveryend-ltx.sty
Package: atveryend-ltx 2020/08/19 v1.0a Emulation of the original atveryend package
with kernel methods
)
\Fld@listcount=\count297
\c@bookmark@seq@number=\count298
 (c:/texlive/2024/texmf-dist/tex/latex/rerunfilecheck/rerunfilecheck.sty
Package: rerunfilecheck 2022-07-10 v1.10 Rerun checks for auxiliary files (HO)
 (c:/texlive/2024/texmf-dist/tex/generic/uniquecounter/uniquecounter.sty
Package: uniquecounter 2019/12/15 v1.4 Provide unlimited unique counter (HO)
)
Package uniquecounter Info: New unique counter `rerunfilecheck' on input line 285.
)
\Hy@SectionHShift=\skip61
) (c:/texlive/2024/texmf-dist/tex/latex/acronym/acronym.sty
Package: acronym 2020/04/17 v1.47 Support for acronyms (Tobias Oetiker)
 (c:/texlive/2024/texmf-dist/tex/latex/bigfoot/suffix.sty
Package: suffix 2006/07/15 1.5a Variant command support
) (c:/texlive/2024/texmf-dist/tex/generic/xstring/xstring.sty (c:/texlive/2024/texmf-dist/tex/generic/xstring/xstring.tex
\xs_counta=\count299
\xs_countb=\count300
)
Package: xstring 2023/08/22 v1.86 String manipulations (CT)
)
\AC@clearlist=\toks21
) (c:/texlive/2024/texmf-dist/tex/latex/algorithms/algorithmic.sty
Package: algorithmic 2009/08/24 v0.1 Document Style `algorithmic'
 (c:/texlive/2024/texmf-dist/tex/latex/base/ifthen.sty
Package: ifthen 2024/03/16 v1.1e Standard LaTeX ifthen package (DPC)
)
\c@ALC@unique=\count301
\c@ALC@line=\count302
\c@ALC@rem=\count303
\c@ALC@depth=\count304
\ALC@tlm=\skip62
\algorithmicindent=\skip63
) (c:/texlive/2024/texmf-dist/tex/latex/algorithms/algorithm.sty
Package: algorithm 2009/08/24 v0.1 Document Style `algorithm' - floating environment
\@float@every@algorithm=\toks22
\c@algorithm=\count305
) (c:/texlive/2024/texmf-dist/tex/generic/iftex/ifpdf.sty
Package: ifpdf 2019/10/25 v3.4 ifpdf legacy package. Use iftex instead.
) (c:/texlive/2024/texmf-dist/tex/latex/amsmath/amsmath.sty
Package: amsmath 2024/05/23 v2.17q AMS math features
\@mathmargin=\skip64

For additional information on amsmath, use the `?' option.
(c:/texlive/2024/texmf-dist/tex/latex/amsmath/amstext.sty
Package: amstext 2021/08/26 v2.01 AMS text
 (c:/texlive/2024/texmf-dist/tex/latex/amsmath/amsgen.sty
File: amsgen.sty 1999/11/30 v2.0 generic functions
\@emptytoks=\toks23
\ex@=\dimen173
)) (c:/texlive/2024/texmf-dist/tex/latex/amsmath/amsbsy.sty
Package: amsbsy 1999/11/29 v1.2d Bold Symbols
\pmbraise@=\dimen174
) (c:/texlive/2024/texmf-dist/tex/latex/amsmath/amsopn.sty
Package: amsopn 2022/04/08 v2.04 operator names
)
\inf@bad=\count306
LaTeX Info: Redefining \frac on input line 233.
\uproot@=\count307
\leftroot@=\count308
LaTeX Info: Redefining \overline on input line 398.
LaTeX Info: Redefining \colon on input line 409.
\classnum@=\count309
\DOTSCASE@=\count310
LaTeX Info: Redefining \ldots on input line 495.
LaTeX Info: Redefining \dots on input line 498.
LaTeX Info: Redefining \cdots on input line 619.
\Mathstrutbox@=\box56
\strutbox@=\box57
LaTeX Info: Redefining \big on input line 721.
LaTeX Info: Redefining \Big on input line 722.
LaTeX Info: Redefining \bigg on input line 723.
LaTeX Info: Redefining \Bigg on input line 724.
\big@size=\dimen175
LaTeX Font Info:    Redeclaring font encoding OML on input line 742.
LaTeX Font Info:    Redeclaring font encoding OMS on input line 743.
\macc@depth=\count311
LaTeX Info: Redefining \bmod on input line 904.
LaTeX Info: Redefining \pmod on input line 909.
LaTeX Info: Redefining \smash on input line 939.
LaTeX Info: Redefining \relbar on input line 969.
LaTeX Info: Redefining \Relbar on input line 970.
\c@MaxMatrixCols=\count312
\dotsspace@=\muskip18
\c@parentequation=\count313
\dspbrk@lvl=\count314
\tag@help=\toks24
\row@=\count315
\column@=\count316
\maxfields@=\count317
\andhelp@=\toks25
\eqnshift@=\dimen176
\alignsep@=\dimen177
\tagshift@=\dimen178
\tagwidth@=\dimen179
\totwidth@=\dimen180
\lineht@=\dimen181
\@envbody=\toks26
\multlinegap=\skip65
\multlinetaggap=\skip66
\mathdisplay@stack=\toks27
LaTeX Info: Redefining \[ on input line 2953.
LaTeX Info: Redefining \] on input line 2954.
) (c:/texlive/2024/texmf-dist/tex/latex/graphics/color.sty
Package: color 2024/01/14 v1.3d Standard LaTeX Color (DPC)
 (c:/texlive/2024/texmf-dist/tex/latex/graphics-cfg/color.cfg
File: color.cfg 2016/01/02 v1.6 sample color configuration
)
Package color Info: Driver file: pdftex.def on input line 149.
 (c:/texlive/2024/texmf-dist/tex/latex/graphics/mathcolor.ltx)) (c:/texlive/2024/texmf-dist/tex/generic/soul/soul.sty
Package: soul 2023-06-14 v3.1 Permit use of UTF-8 characters in soul (HO)
 (c:/texlive/2024/texmf-dist/tex/generic/soul/soul-ori.sty
Package: soul-ori 2023-06-14 v3.1 letterspacing/underlining (mf)
\SOUL@word=\toks28
\SOUL@lasttoken=\toks29
\SOUL@syllable=\toks30
\SOUL@cmds=\toks31
\SOUL@buffer=\toks32
\SOUL@token=\toks33
\SOUL@syllgoal=\dimen182
\SOUL@syllwidth=\dimen183
\SOUL@charkern=\dimen184
\SOUL@hyphkern=\dimen185
\SOUL@dimen=\dimen186
\SOUL@dimeni=\dimen187
\SOUL@minus=\count318
\SOUL@comma=\count319
\SOUL@apo=\count320
\SOUL@grave=\count321
\SOUL@spaceskip=\skip67
\SOUL@ttwidth=\dimen188
\SOUL@uldp=\dimen189
\SOUL@ulht=\dimen190
) (c:/texlive/2024/texmf-dist/tex/generic/etexcmds/etexcmds.sty
Package: etexcmds 2019/12/15 v1.7 Avoid name clashes with e-TeX commands (HO)
)) (c:/texlive/2024/texmf-dist/tex/latex/todonotes/todonotes.sty
Package: todonotes 2024/01/05 v1.1.7 Todonotes source and documentation.
Package: todonotes 2024/01/05
 (c:/texlive/2024/texmf-dist/tex/latex/xkeyval/xkeyval.sty
Package: xkeyval 2022/06/16 v2.9 package option processing (HA)
 (c:/texlive/2024/texmf-dist/tex/generic/xkeyval/xkeyval.tex (c:/texlive/2024/texmf-dist/tex/generic/xkeyval/xkvutils.tex
\XKV@toks=\toks34
\XKV@tempa@toks=\toks35
)
\XKV@depth=\count322
File: xkeyval.tex 2014/12/03 v2.7a key=value parser (HA)
)) (c:/texlive/2024/texmf-dist/tex/latex/xcolor/xcolor.sty
Package: xcolor 2023/11/15 v3.01 LaTeX color extensions (UK)
 (c:/texlive/2024/texmf-dist/tex/latex/graphics-cfg/color.cfg
File: color.cfg 2016/01/02 v1.6 sample color configuration
)
Package xcolor Info: Driver file: pdftex.def on input line 274.
LaTeX Info: Redefining \color on input line 758.
 (c:/texlive/2024/texmf-dist/tex/latex/graphics/mathcolor.ltx)
Package xcolor Info: Model `cmy' substituted by `cmy0' on input line 1350.
Package xcolor Info: Model `hsb' substituted by `rgb' on input line 1354.
Package xcolor Info: Model `RGB' extended on input line 1366.
Package xcolor Info: Model `HTML' substituted by `rgb' on input line 1368.
Package xcolor Info: Model `Hsb' substituted by `hsb' on input line 1369.
Package xcolor Info: Model `tHsb' substituted by `hsb' on input line 1370.
Package xcolor Info: Model `HSB' substituted by `hsb' on input line 1371.
Package xcolor Info: Model `Gray' substituted by `gray' on input line 1372.
Package xcolor Info: Model `wave' substituted by `hsb' on input line 1373.
) (c:/texlive/2024/texmf-dist/tex/latex/pgf/frontendlayer/tikz.sty (c:/texlive/2024/texmf-dist/tex/latex/pgf/basiclayer/pgf.sty (c:/texlive/2024/texmf-dist/tex/latex/pgf/utilities/pgfrcs.sty (c:/texlive/2024/texmf-dist/tex/generic/pgf/utilities/pgfutil-common.tex
\pgfutil@everybye=\toks36
\pgfutil@tempdima=\dimen191
\pgfutil@tempdimb=\dimen192
) (c:/texlive/2024/texmf-dist/tex/generic/pgf/utilities/pgfutil-latex.def
\pgfutil@abb=\box58
) (c:/texlive/2024/texmf-dist/tex/generic/pgf/utilities/pgfrcs.code.tex (c:/texlive/2024/texmf-dist/tex/generic/pgf/pgf.revision.tex)
Package: pgfrcs 2023-01-15 v3.1.10 (3.1.10)
))
Package: pgf 2023-01-15 v3.1.10 (3.1.10)
 (c:/texlive/2024/texmf-dist/tex/latex/pgf/basiclayer/pgfcore.sty (c:/texlive/2024/texmf-dist/tex/latex/pgf/systemlayer/pgfsys.sty (c:/texlive/2024/texmf-dist/tex/generic/pgf/systemlayer/pgfsys.code.tex
Package: pgfsys 2023-01-15 v3.1.10 (3.1.10)
 (c:/texlive/2024/texmf-dist/tex/generic/pgf/utilities/pgfkeys.code.tex
\pgfkeys@pathtoks=\toks37
\pgfkeys@temptoks=\toks38
 (c:/texlive/2024/texmf-dist/tex/generic/pgf/utilities/pgfkeyslibraryfiltered.code.tex
\pgfkeys@tmptoks=\toks39
))
\pgf@x=\dimen193
\pgf@y=\dimen194
\pgf@xa=\dimen195
\pgf@ya=\dimen196
\pgf@xb=\dimen197
\pgf@yb=\dimen198
\pgf@xc=\dimen199
\pgf@yc=\dimen256
\pgf@xd=\dimen257
\pgf@yd=\dimen258
\w@pgf@writea=\write3
\r@pgf@reada=\read2
\c@pgf@counta=\count323
\c@pgf@countb=\count324
\c@pgf@countc=\count325
\c@pgf@countd=\count326
\t@pgf@toka=\toks40
\t@pgf@tokb=\toks41
\t@pgf@tokc=\toks42
\pgf@sys@id@count=\count327
 (c:/texlive/2024/texmf-dist/tex/generic/pgf/systemlayer/pgf.cfg
File: pgf.cfg 2023-01-15 v3.1.10 (3.1.10)
)
Driver file for pgf: pgfsys-pdftex.def
 (c:/texlive/2024/texmf-dist/tex/generic/pgf/systemlayer/pgfsys-pdftex.def
File: pgfsys-pdftex.def 2023-01-15 v3.1.10 (3.1.10)
 (c:/texlive/2024/texmf-dist/tex/generic/pgf/systemlayer/pgfsys-common-pdf.def
File: pgfsys-common-pdf.def 2023-01-15 v3.1.10 (3.1.10)
))) (c:/texlive/2024/texmf-dist/tex/generic/pgf/systemlayer/pgfsyssoftpath.code.tex
File: pgfsyssoftpath.code.tex 2023-01-15 v3.1.10 (3.1.10)
\pgfsyssoftpath@smallbuffer@items=\count328
\pgfsyssoftpath@bigbuffer@items=\count329
) (c:/texlive/2024/texmf-dist/tex/generic/pgf/systemlayer/pgfsysprotocol.code.tex
File: pgfsysprotocol.code.tex 2023-01-15 v3.1.10 (3.1.10)
)) (c:/texlive/2024/texmf-dist/tex/generic/pgf/basiclayer/pgfcore.code.tex
Package: pgfcore 2023-01-15 v3.1.10 (3.1.10)
 (c:/texlive/2024/texmf-dist/tex/generic/pgf/math/pgfmath.code.tex (c:/texlive/2024/texmf-dist/tex/generic/pgf/math/pgfmathutil.code.tex) (c:/texlive/2024/texmf-dist/tex/generic/pgf/math/pgfmathparser.code.tex
\pgfmath@dimen=\dimen259
\pgfmath@count=\count330
\pgfmath@box=\box59
\pgfmath@toks=\toks43
\pgfmath@stack@operand=\toks44
\pgfmath@stack@operation=\toks45
) (c:/texlive/2024/texmf-dist/tex/generic/pgf/math/pgfmathfunctions.code.tex) (c:/texlive/2024/texmf-dist/tex/generic/pgf/math/pgfmathfunctions.basic.code.tex) (c:/texlive/2024/texmf-dist/tex/generic/pgf/math/pgfmathfunctions.trigonometric.code.tex) (c:/texlive/2024/texmf-dist/tex/generic/pgf/math/pgfmathfunctions.random.code.tex) (c:/texlive/2024/texmf-dist/tex/generic/pgf/math/pgfmathfunctions.comparison.code.tex) (c:/texlive/2024/texmf-dist/tex/generic/pgf/math/pgfmathfunctions.base.code.tex) (c:/texlive/2024/texmf-dist/tex/generic/pgf/math/pgfmathfunctions.round.code.tex) (c:/texlive/2024/texmf-dist/tex/generic/pgf/math/pgfmathfunctions.misc.code.tex) (c:/texlive/2024/texmf-dist/tex/generic/pgf/math/pgfmathfunctions.integerarithmetics.code.tex) (c:/texlive/2024/texmf-dist/tex/generic/pgf/math/pgfmathcalc.code.tex) (c:/texlive/2024/texmf-dist/tex/generic/pgf/math/pgfmathfloat.code.tex
\c@pgfmathroundto@lastzeros=\count331
)) (c:/texlive/2024/texmf-dist/tex/generic/pgf/math/pgfint.code.tex) (c:/texlive/2024/texmf-dist/tex/generic/pgf/basiclayer/pgfcorepoints.code.tex
File: pgfcorepoints.code.tex 2023-01-15 v3.1.10 (3.1.10)
\pgf@picminx=\dimen260
\pgf@picmaxx=\dimen261
\pgf@picminy=\dimen262
\pgf@picmaxy=\dimen263
\pgf@pathminx=\dimen264
\pgf@pathmaxx=\dimen265
\pgf@pathminy=\dimen266
\pgf@pathmaxy=\dimen267
\pgf@xx=\dimen268
\pgf@xy=\dimen269
\pgf@yx=\dimen270
\pgf@yy=\dimen271
\pgf@zx=\dimen272
\pgf@zy=\dimen273
) (c:/texlive/2024/texmf-dist/tex/generic/pgf/basiclayer/pgfcorepathconstruct.code.tex
File: pgfcorepathconstruct.code.tex 2023-01-15 v3.1.10 (3.1.10)
\pgf@path@lastx=\dimen274
\pgf@path@lasty=\dimen275
) (c:/texlive/2024/texmf-dist/tex/generic/pgf/basiclayer/pgfcorepathusage.code.tex
File: pgfcorepathusage.code.tex 2023-01-15 v3.1.10 (3.1.10)
\pgf@shorten@end@additional=\dimen276
\pgf@shorten@start@additional=\dimen277
) (c:/texlive/2024/texmf-dist/tex/generic/pgf/basiclayer/pgfcorescopes.code.tex
File: pgfcorescopes.code.tex 2023-01-15 v3.1.10 (3.1.10)
\pgfpic=\box60
\pgf@hbox=\box61
\pgf@layerbox@main=\box62
\pgf@picture@serial@count=\count332
) (c:/texlive/2024/texmf-dist/tex/generic/pgf/basiclayer/pgfcoregraphicstate.code.tex
File: pgfcoregraphicstate.code.tex 2023-01-15 v3.1.10 (3.1.10)
\pgflinewidth=\dimen278
) (c:/texlive/2024/texmf-dist/tex/generic/pgf/basiclayer/pgfcoretransformations.code.tex
File: pgfcoretransformations.code.tex 2023-01-15 v3.1.10 (3.1.10)
\pgf@pt@x=\dimen279
\pgf@pt@y=\dimen280
\pgf@pt@temp=\dimen281
) (c:/texlive/2024/texmf-dist/tex/generic/pgf/basiclayer/pgfcorequick.code.tex
File: pgfcorequick.code.tex 2023-01-15 v3.1.10 (3.1.10)
) (c:/texlive/2024/texmf-dist/tex/generic/pgf/basiclayer/pgfcoreobjects.code.tex
File: pgfcoreobjects.code.tex 2023-01-15 v3.1.10 (3.1.10)
) (c:/texlive/2024/texmf-dist/tex/generic/pgf/basiclayer/pgfcorepathprocessing.code.tex
File: pgfcorepathprocessing.code.tex 2023-01-15 v3.1.10 (3.1.10)
) (c:/texlive/2024/texmf-dist/tex/generic/pgf/basiclayer/pgfcorearrows.code.tex
File: pgfcorearrows.code.tex 2023-01-15 v3.1.10 (3.1.10)
\pgfarrowsep=\dimen282
) (c:/texlive/2024/texmf-dist/tex/generic/pgf/basiclayer/pgfcoreshade.code.tex
File: pgfcoreshade.code.tex 2023-01-15 v3.1.10 (3.1.10)
\pgf@max=\dimen283
\pgf@sys@shading@range@num=\count333
\pgf@shadingcount=\count334
) (c:/texlive/2024/texmf-dist/tex/generic/pgf/basiclayer/pgfcoreimage.code.tex
File: pgfcoreimage.code.tex 2023-01-15 v3.1.10 (3.1.10)
) (c:/texlive/2024/texmf-dist/tex/generic/pgf/basiclayer/pgfcoreexternal.code.tex
File: pgfcoreexternal.code.tex 2023-01-15 v3.1.10 (3.1.10)
\pgfexternal@startupbox=\box63
) (c:/texlive/2024/texmf-dist/tex/generic/pgf/basiclayer/pgfcorelayers.code.tex
File: pgfcorelayers.code.tex 2023-01-15 v3.1.10 (3.1.10)
) (c:/texlive/2024/texmf-dist/tex/generic/pgf/basiclayer/pgfcoretransparency.code.tex
File: pgfcoretransparency.code.tex 2023-01-15 v3.1.10 (3.1.10)
) (c:/texlive/2024/texmf-dist/tex/generic/pgf/basiclayer/pgfcorepatterns.code.tex
File: pgfcorepatterns.code.tex 2023-01-15 v3.1.10 (3.1.10)
) (c:/texlive/2024/texmf-dist/tex/generic/pgf/basiclayer/pgfcorerdf.code.tex
File: pgfcorerdf.code.tex 2023-01-15 v3.1.10 (3.1.10)
))) (c:/texlive/2024/texmf-dist/tex/generic/pgf/modules/pgfmoduleshapes.code.tex
File: pgfmoduleshapes.code.tex 2023-01-15 v3.1.10 (3.1.10)
\pgfnodeparttextbox=\box64
) (c:/texlive/2024/texmf-dist/tex/generic/pgf/modules/pgfmoduleplot.code.tex
File: pgfmoduleplot.code.tex 2023-01-15 v3.1.10 (3.1.10)
) (c:/texlive/2024/texmf-dist/tex/latex/pgf/compatibility/pgfcomp-version-0-65.sty
Package: pgfcomp-version-0-65 2023-01-15 v3.1.10 (3.1.10)
\pgf@nodesepstart=\dimen284
\pgf@nodesepend=\dimen285
) (c:/texlive/2024/texmf-dist/tex/latex/pgf/compatibility/pgfcomp-version-1-18.sty
Package: pgfcomp-version-1-18 2023-01-15 v3.1.10 (3.1.10)
)) (c:/texlive/2024/texmf-dist/tex/latex/pgf/utilities/pgffor.sty (c:/texlive/2024/texmf-dist/tex/latex/pgf/utilities/pgfkeys.sty (c:/texlive/2024/texmf-dist/tex/generic/pgf/utilities/pgfkeys.code.tex)) (c:/texlive/2024/texmf-dist/tex/latex/pgf/math/pgfmath.sty (c:/texlive/2024/texmf-dist/tex/generic/pgf/math/pgfmath.code.tex)) (c:/texlive/2024/texmf-dist/tex/generic/pgf/utilities/pgffor.code.tex
Package: pgffor 2023-01-15 v3.1.10 (3.1.10)
\pgffor@iter=\dimen286
\pgffor@skip=\dimen287
\pgffor@stack=\toks46
\pgffor@toks=\toks47
)) (c:/texlive/2024/texmf-dist/tex/generic/pgf/frontendlayer/tikz/tikz.code.tex
Package: tikz 2023-01-15 v3.1.10 (3.1.10)
 (c:/texlive/2024/texmf-dist/tex/generic/pgf/libraries/pgflibraryplothandlers.code.tex
File: pgflibraryplothandlers.code.tex 2023-01-15 v3.1.10 (3.1.10)
\pgf@plot@mark@count=\count335
\pgfplotmarksize=\dimen288
)
\tikz@lastx=\dimen289
\tikz@lasty=\dimen290
\tikz@lastxsaved=\dimen291
\tikz@lastysaved=\dimen292
\tikz@lastmovetox=\dimen293
\tikz@lastmovetoy=\dimen294
\tikzleveldistance=\dimen295
\tikzsiblingdistance=\dimen296
\tikz@figbox=\box65
\tikz@figbox@bg=\box66
\tikz@tempbox=\box67
\tikz@tempbox@bg=\box68
\tikztreelevel=\count336
\tikznumberofchildren=\count337
\tikznumberofcurrentchild=\count338
\tikz@fig@count=\count339
 (c:/texlive/2024/texmf-dist/tex/generic/pgf/modules/pgfmodulematrix.code.tex
File: pgfmodulematrix.code.tex 2023-01-15 v3.1.10 (3.1.10)
\pgfmatrixcurrentrow=\count340
\pgfmatrixcurrentcolumn=\count341
\pgf@matrix@numberofcolumns=\count342
)
\tikz@expandcount=\count343
 (c:/texlive/2024/texmf-dist/tex/generic/pgf/frontendlayer/tikz/libraries/tikzlibrarytopaths.code.tex
File: tikzlibrarytopaths.code.tex 2023-01-15 v3.1.10 (3.1.10)
))) (c:/texlive/2024/texmf-dist/tex/generic/pgf/frontendlayer/tikz/libraries/tikzlibrarypositioning.code.tex
File: tikzlibrarypositioning.code.tex 2023-01-15 v3.1.10 (3.1.10)
) (c:/texlive/2024/texmf-dist/tex/latex/tools/calc.sty
Package: calc 2023/07/08 v4.3 Infix arithmetic (KKT,FJ)
\calc@Acount=\count344
\calc@Bcount=\count345
\calc@Adimen=\dimen297
\calc@Bdimen=\dimen298
\calc@Askip=\skip68
\calc@Bskip=\skip69
LaTeX Info: Redefining \setlength on input line 80.
LaTeX Info: Redefining \addtolength on input line 81.
\calc@Ccount=\count346
\calc@Cskip=\skip70
)
\c@@todonotes@numberoftodonotes=\count347
) (c:/texlive/2024/texmf-dist/tex/latex/blindtext/blindtext.sty
Package: blindtext 2012/01/06 V2.0 blindtext-Package
 (c:/texlive/2024/texmf-dist/tex/latex/tools/xspace.sty
Package: xspace 2014/10/28 v1.13 Space after command names (DPC,MH)
)
\c@blindtext=\count348
\c@Blindtext=\count349
\c@blind@countparstart=\count350
\blind@countxx=\count351
\blindtext@numBlindtext=\count352
\blind@countyy=\count353
\c@blindlist=\count354
\c@blindlistlevel=\count355
\c@blindlist@level=\count356
\blind@listitem=\count357
\c@blind@listcount=\count358
\c@blind@levelcount=\count359
\blind@mathformula=\count360
\blind@Mathformula=\count361
\c@blind@randomcount=\count362
\c@blind@randommax=\count363
\c@blind@pangramcount=\count364
\c@blind@pangrammax=\count365
) (c:/texlive/2024/texmf-dist/tex/latex/l3backend/l3backend-pdftex.def
File: l3backend-pdftex.def 2024-05-08 L3 backend support: PDF output (pdfTeX)
\l__color_backend_stack_int=\count366
\l__pdf_internal_box=\box69
) (./bachelor.aux)
\openout1 = `bachelor.aux'.

LaTeX Font Info:    Checking defaults for OML/cmm/m/it on input line 82.
LaTeX Font Info:    ... okay on input line 82.
LaTeX Font Info:    Checking defaults for OMS/cmsy/m/n on input line 82.
LaTeX Font Info:    ... okay on input line 82.
LaTeX Font Info:    Checking defaults for OT1/cmr/m/n on input line 82.
LaTeX Font Info:    ... okay on input line 82.
LaTeX Font Info:    Checking defaults for T1/cmr/m/n on input line 82.
LaTeX Font Info:    ... okay on input line 82.
LaTeX Font Info:    Checking defaults for TS1/cmr/m/n on input line 82.
LaTeX Font Info:    ... okay on input line 82.
LaTeX Font Info:    Checking defaults for OMX/cmex/m/n on input line 82.
LaTeX Font Info:    ... okay on input line 82.
LaTeX Font Info:    Checking defaults for U/cmr/m/n on input line 82.
LaTeX Font Info:    ... okay on input line 82.
LaTeX Font Info:    Checking defaults for PD1/pdf/m/n on input line 82.
LaTeX Font Info:    ... okay on input line 82.
LaTeX Font Info:    Checking defaults for PU/pdf/m/n on input line 82.
LaTeX Font Info:    ... okay on input line 82.
 (c:/texlive/2024/texmf-dist/tex/context/base/mkii/supp-pdf.mkii
[Loading MPS to PDF converter (version 2006.09.02).]
\scratchcounter=\count367
\scratchdimen=\dimen299
\scratchbox=\box70
\nofMPsegments=\count368
\nofMParguments=\count369
\everyMPshowfont=\toks48
\MPscratchCnt=\count370
\MPscratchDim=\dimen300
\MPnumerator=\count371
\makeMPintoPDFobject=\count372
\everyMPtoPDFconversion=\toks49
) (c:/texlive/2024/texmf-dist/tex/latex/epstopdf-pkg/epstopdf-base.sty
Package: epstopdf-base 2020-01-24 v2.11 Base part for package epstopdf
Package epstopdf-base Info: Redefining graphics rule for `.eps' on input line 485.
 (c:/texlive/2024/texmf-dist/tex/latex/latexconfig/epstopdf-sys.cfg
File: epstopdf-sys.cfg 2010/07/13 v1.3 Configuration of (r)epstopdf for TeX Live
))
Package caption Info: Begin \AtBeginDocument code.
Package caption Info: subfig package v1.3 is loaded.
Package caption Info: hyperref package is loaded.
Package caption Info: End \AtBeginDocument code.
Package hyperref Info: Link coloring ON on input line 82.
\@outlinefile=\write4
\openout4 = `bachelor.out'.

\openout2 = `title_page.aux'.

 (./title_page.tex
<figures/giu_logo.png, id=7, 460.72125pt x 110.4125pt>
File: figures/giu_logo.png Graphic file (type png)
<use figures/giu_logo.png>
Package pdftex.def Info: figures/giu_logo.png  used on input line 35.
(pdftex.def)             Requested size: 99.58464pt x 23.86458pt.


[1


{c:/texlive/2024/texmf-var/fonts/map/pdftex/updmap/pdftex.map} <./figures/giu_logo.png>]

[2

])
\openout2 = `acknowledgments.aux'.

 (./acknowledgments.tex)

[3





]
\openout2 = `abstract.aux'.

 (./abstract.tex)

[4




]
No file bachelor.toc.
\tf@toc=\write5
\openout5 = `bachelor.toc'.



[5



]
\openout2 = `sections/introduction.aux'.

 (./sections/introduction.tex
Chapter 1.

LaTeX Warning: Citation `Murugesan_2007' on page 1 undefined on input line 4.


LaTeX Warning: Citation `citizenJournalism' on page 1 undefined on input line 4.


LaTeX Warning: Citation `MuhammedT_Mathew_2022' on page 1 undefined on input line 4.


LaTeX Warning: Citation `UNReport' on page 1 undefined on input line 6.


LaTeX Warning: Citation `Henley_2023' on page 1 undefined on input line 6.


LaTeX Warning: Citation `zakariah2018' on page 1 undefined on input line 9.


LaTeX Warning: Citation `FERREIRA2020106685' on page 1 undefined on input line 9.


LaTeX Warning: Citation `Basavaraj2022' on page 1 undefined on input line 11.


LaTeX Warning: Reference `fig:imgMask' on page 1 undefined on input line 11.



[1



]
<figures/ImageMask.png, id=40, 331.83975pt x 111.41624pt>
File: figures/ImageMask.png Graphic file (type png)
<use figures/ImageMask.png>
Package pdftex.def Info: figures/ImageMask.png  used on input line 19.
(pdftex.def)             Requested size: 362.37569pt x 121.6776pt.


LaTeX Warning: Citation `pandey2022detecting' on page 2 undefined on input line 20.


LaTeX Warning: Citation `pandey2022detecting' on page 2 undefined on input line 20.

)

[2 <./figures/ImageMask.png>]
\openout2 = `sections/background.aux'.

 (./sections/background.tex
Chapter 2.

LaTeX Warning: Citation `MeenaTyagi2019' on page 3 undefined on input line 5.


LaTeX Warning: Citation `Sharma2018AnalysisOK' on page 3 undefined on input line 5.


LaTeX Warning: Citation `Gernsheim_1986' on page 3 undefined on input line 5.


LaTeX Warning: Reference `fig:lincon' on page 3 undefined on input line 5.

<figures/lincon212.png, id=50, 204.765pt x 136.3494pt>
File: figures/lincon212.png Graphic file (type png)
<use figures/lincon212.png>
Package pdftex.def Info: figures/lincon212.png  used on input line 9.
(pdftex.def)             Requested size: 226.48395pt x 150.82114pt.

LaTeX Warning: Citation `parveen2019' on page 3 undefined on input line 10.


LaTeX Warning: Citation `parveen2019' on page 3 undefined on input line 10.


LaTeX Warning: Citation `mishra2013digital' on page 3 undefined on input line 14.


LaTeX Warning: Citation `Abdulqader2023' on page 3 undefined on input line 14.


LaTeX Warning: Citation `MeenaTyagi2019' on page 3 undefined on input line 14.


LaTeX Warning: Citation `nampoothiri2016digital' on page 3 undefined on input line 14.


LaTeX Warning: Reference `fig:drowned' on page 3 undefined on input line 14.



[3




 <./figures/lincon212.png>]
<figures/drownedman.jpeg, id=58, 220.825pt x 229.85875pt>
File: figures/drownedman.jpeg Graphic file (type jpg)
<use figures/drownedman.jpeg>
Package pdftex.def Info: figures/drownedman.jpeg  used on input line 18.
(pdftex.def)             Requested size: 181.18439pt x 188.60463pt.


LaTeX Warning: Citation `bayard' on page 4 undefined on input line 19.


LaTeX Warning: Citation `bayard' on page 4 undefined on input line 19.


LaTeX Warning: Citation `Carmody_1994' on page 4 undefined on input line 24.

<figures/oj_simpson.jpg, id=59, 389.455pt x 257.96375pt>
File: figures/oj_simpson.jpg Graphic file (type jpg)
<use figures/oj_simpson.jpg>
Package pdftex.def Info: figures/oj_simpson.jpg  used on input line 28.
(pdftex.def)             Requested size: 226.48395pt x 150.01662pt.

LaTeX Warning: Citation `OJ2011' on page 4 undefined on input line 29.


LaTeX Warning: Citation `OJ2011' on page 4 undefined on input line 29.


LaTeX Warning: Citation `Peres_2007' on page 4 undefined on input line 33.


LaTeX Warning: Citation `corcoran2014' on page 4 undefined on input line 33.


LaTeX Warning: Citation `Vincent_2017' on page 4 undefined on input line 33.


LaTeX Warning: Citation `perez2021fake' on page 4 undefined on input line 33.



[4 <./figures/drownedman.jpeg> <./figures/oj_simpson.jpg>]

LaTeX Warning: Citation `kietzmann2020deepfakes' on page 5 undefined on input line 35.


LaTeX Warning: Citation `Cola_2018' on page 5 undefined on input line 35.


LaTeX Warning: Citation `Fallis_2020' on page 5 undefined on input line 35.


LaTeX Warning: Citation `muller2022human' on page 5 undefined on input line 35.


LaTeX Warning: Citation `Mathews2020' on page 5 undefined on input line 35.


LaTeX Warning: Citation `MeenaTyagi2019' on page 5 undefined on input line 39.



[5]

LaTeX Warning: Citation `Lian2010' on page 6 undefined on input line 41.


LaTeX Warning: Reference `fig:splice' on page 6 undefined on input line 41.


LaTeX Warning: Citation `MeenaTyagi2021' on page 6 undefined on input line 45.


LaTeX Warning: Citation `zanardelli2023image' on page 6 undefined on input line 45.


LaTeX Warning: Citation `MeenaTyagi2021' on page 6 undefined on input line 45.


LaTeX Warning: Citation `Lian2010' on page 6 undefined on input line 47.


LaTeX Warning: Citation `FERREIRA2020106685' on page 6 undefined on input line 47.


LaTeX Warning: Reference `fig:framework' on page 6 undefined on input line 47.

<figures/DetectionWorkflow.png, id=70, 314.3745pt x 358.941pt>
File: figures/DetectionWorkflow.png Graphic file (type png)
<use figures/DetectionWorkflow.png>
Package pdftex.def Info: figures/DetectionWorkflow.png  used on input line 51.
(pdftex.def)             Requested size: 226.48395pt x 258.60162pt.

LaTeX Warning: `!h' float specifier changed to `!ht'.


LaTeX Warning: Reference `fig:imgauth' on page 6 undefined on input line 56.


LaTeX Warning: Citation `Basavaraj2022' on page 6 undefined on input line 56.



[6]
<figures/ImageAuthenticationGraph.png, id=76, 853.1875pt x 363.3575pt>
File: figures/ImageAuthenticationGraph.png Graphic file (type png)
<use figures/ImageAuthenticationGraph.png>
Package pdftex.def Info: figures/ImageAuthenticationGraph.png  used on input line 60.
(pdftex.def)             Requested size: 362.37569pt x 154.3334pt.


LaTeX Warning: Citation `alahmadi2017passive' on page 7 undefined on input line 61.


LaTeX Warning: Citation `alahmadi2017passive' on page 7 undefined on input line 61.


LaTeX Warning: Citation `zanardelli2023image' on page 7 undefined on input line 65.


LaTeX Warning: Citation `MeenaTyagi2021' on page 7 undefined on input line 65.



[7 <./figures/DetectionWorkflow.png> <./figures/ImageAuthenticationGraph.png (PNG copy)>]
<figures/StepsToSplice.png, id=84, 327.624pt x 155.98276pt>
File: figures/StepsToSplice.png Graphic file (type png)
<use figures/StepsToSplice.png>
Package pdftex.def Info: figures/StepsToSplice.png  used on input line 69.
(pdftex.def)             Requested size: 317.07614pt x 150.97226pt.


LaTeX Warning: Citation `MeenaTyagi2019' on page 8 undefined on input line 70.


LaTeX Warning: Citation `MeenaTyagi2019' on page 8 undefined on input line 70.


LaTeX Warning: Citation `wallace1992jpeg' on page 8 undefined on input line 77.


LaTeX Warning: Citation `palmer2013rhetoric' on page 8 undefined on input line 77.


LaTeX Warning: Citation `Ma_Jiang_Fan_Jiang_Yan_2020' on page 8 undefined on input line 81.



[8 <./figures/StepsToSplice.png>]

LaTeX Warning: Citation `huh2018fighting' on page 9 undefined on input line 83.


LaTeX Warning: Citation `campesato2020artificial' on page 9 undefined on input line 88.


LaTeX Warning: Citation `nielsen2015neural' on page 9 undefined on input line 88.


LaTeX Warning: Citation `rota2016bad' on page 9 undefined on input line 90.


LaTeX Warning: Citation `lecun1998gradient' on page 9 undefined on input line 94.


LaTeX Warning: Citation `lindsay2021convolutional' on page 9 undefined on input line 96.


LaTeX Warning: Citation `bhatt2021cnn' on page 9 undefined on input line 96.


LaTeX Warning: Citation `bhatt2021cnn' on page 9 undefined on input line 96.


LaTeX Warning: Citation `alom2018history' on page 9 undefined on input line 96.


LaTeX Warning: Citation `majib2021vgg' on page 9 undefined on input line 96.


LaTeX Warning: Citation `targ2016resnet' on page 9 undefined on input line 96.



[9]

LaTeX Warning: Citation `Ahmed_Alam2023' on page 10 undefined on input line 98.


LaTeX Warning: Citation `WANG2023100047' on page 10 undefined on input line 98.


LaTeX Warning: Citation `dosovitskiy2021image' on page 10 undefined on input line 102.


LaTeX Warning: Citation `ruan2022vision' on page 10 undefined on input line 104.


LaTeX Warning: Citation `ruan2022vision' on page 10 undefined on input line 106.


LaTeX Warning: Citation `islam2023recent' on page 10 undefined on input line 106.

<figures/Vit.png, id=99, 322.20375pt x 244.915pt>
File: figures/Vit.png Graphic file (type png)
<use figures/Vit.png>
Package pdftex.def Info: figures/Vit.png  used on input line 110.
(pdftex.def)             Requested size: 362.37569pt x 275.46141pt.

LaTeX Warning: Citation `dosovitskiy2021image' on page 10 undefined on input line 111.


LaTeX Warning: Citation `dosovitskiy2021image' on page 10 undefined on input line 111.


LaTeX Warning: `!h' float specifier changed to `!ht'.



[10]
Overfull \hbox (9.8648pt too wide) in paragraph at lines 121--122
[]\OT1/cmr/m/n/12 Feedforward Neu-ral Net-work: Af-ter self-attention, the patch em-bed-dings pass through
 []


LaTeX Warning: Citation `naseer2021intriguing' on page 11 undefined on input line 125.



[11 <./figures/Vit.png>]

LaTeX Warning: Citation `ghiasi2022vision' on page 12 undefined on input line 128.


LaTeX Warning: Citation `qiang2023interpretabilityaware' on page 12 undefined on input line 128.


LaTeX Warning: Citation `su2021vitas' on page 12 undefined on input line 128.


LaTeX Warning: Citation `khan2022transformers' on page 12 undefined on input line 128.


LaTeX Warning: Citation `liu2021efficient' on page 12 undefined on input line 128.


LaTeX Warning: Citation `huang2021vsnet' on page 12 undefined on input line 132.


LaTeX Warning: Citation `melaskyriazi2022deep' on page 12 undefined on input line 132.

<figures/semanticVSinstance.jpg, id=119, 602.25pt x 210.7875pt>
File: figures/semanticVSinstance.jpg Graphic file (type jpg)
<use figures/semanticVSinstance.jpg>
Package pdftex.def Info: figures/semanticVSinstance.jpg  used on input line 136.
(pdftex.def)             Requested size: 317.07614pt x 110.98029pt.

LaTeX Warning: Citation `Varatharasan' on page 12 undefined on input line 137.


LaTeX Warning: Citation `Varatharasan' on page 12 undefined on input line 137.


LaTeX Warning: `!h' float specifier changed to `!ht'.


LaTeX Warning: Citation `ruiz2020semantic' on page 12 undefined on input line 142.


LaTeX Warning: Reference `fig:semanticVSinstance' on page 12 undefined on input line 142.


LaTeX Warning: Citation `zhai2023background' on page 12 undefined on input line 142.


LaTeX Warning: Citation `huang2018weakly' on page 12 undefined on input line 142.


LaTeX Warning: Citation `long2015fully' on page 12 undefined on input line 142.


LaTeX Warning: Citation `ronneberger2015unet' on page 12 undefined on input line 142.



[12]

LaTeX Warning: Citation `strudel2021segmenter' on page 13 undefined on input line 144.


LaTeX Warning: Citation `thisanke2023semantic' on page 13 undefined on input line 144.


LaTeX Warning: Citation `guo2023hierarchical' on page 13 undefined on input line 148.


LaTeX Warning: Citation `lai2023detect' on page 13 undefined on input line 148.


LaTeX Warning: Citation `Sharma2019' on page 13 undefined on input line 148.


LaTeX Warning: Citation `bunk2017detection' on page 13 undefined on input line 148.


LaTeX Warning: Citation `wang2019detection' on page 13 undefined on input line 148.


LaTeX Warning: Citation `Cozzolino2016' on page 13 undefined on input line 148.


LaTeX Warning: Citation `bianchi2011improved' on page 13 undefined on input line 148.


LaTeX Warning: Citation `coulson2001semantic' on page 13 undefined on input line 148.

)

[13 <./figures/semanticVSinstance.jpg>]

[14]
\openout2 = `sections/relatedwork.aux'.

 (./sections/relatedwork.tex
Chapter 3.

LaTeX Warning: Citation `Khazaal2022' on page 15 undefined on input line 3.


LaTeX Warning: Citation `Ma_Jiang_Fan_Jiang_Yan_2020' on page 15 undefined on input line 8.


LaTeX Warning: Citation `MeenaTyagi2021' on page 15 undefined on input line 8.


LaTeX Warning: Hyper reference `sec:ss1' on page 15 undefined on input line 10.


LaTeX Warning: Hyper reference `sec:ss2' on page 15 undefined on input line 11.


LaTeX Warning: Hyper reference `sec:ss3' on page 15 undefined on input line 12.


LaTeX Warning: Citation `verma2013comparative' on page 15 undefined on input line 17.


LaTeX Warning: Citation `meena2023image' on page 15 undefined on input line 17.


LaTeX Warning: Citation `itier2021color' on page 15 undefined on input line 17.


LaTeX Warning: Citation `zhan2015passive' on page 15 undefined on input line 17.


LaTeX Warning: Citation `mahawatta2018image' on page 15 undefined on input line 17.



[15




]

LaTeX Warning: Citation `krawetz2007picture' on page 16 undefined on input line 21.


LaTeX Warning: Citation `gunawan2017development' on page 16 undefined on input line 21.


LaTeX Warning: Citation `Jeronymo2017' on page 16 undefined on input line 21.


LaTeX Warning: Citation `ramadhani2019' on page 16 undefined on input line 21.


LaTeX Warning: Citation `zhang2021image' on page 16 undefined on input line 21.


LaTeX Warning: Citation `haralick1973textural' on page 16 undefined on input line 26.


LaTeX Warning: Citation `asghar2019edge' on page 16 undefined on input line 26.


LaTeX Warning: Citation `alahmadi2017passive' on page 16 undefined on input line 26.


LaTeX Warning: Citation `Sharma2019' on page 16 undefined on input line 26.


LaTeX Warning: Citation `Srivastava2020' on page 16 undefined on input line 26.


LaTeX Warning: Citation `kanwal2020digital' on page 16 undefined on input line 26.



[16]

LaTeX Warning: Citation `pham2019efficient' on page 17 undefined on input line 30.


LaTeX Warning: Citation `MeenaTyagi2021' on page 17 undefined on input line 30.


LaTeX Warning: Citation `ur2021comparative' on page 17 undefined on input line 30.


LaTeX Warning: Citation `yildirim2018image' on page 17 undefined on input line 30.


LaTeX Warning: Citation `pham2019efficient' on page 17 undefined on input line 30.


LaTeX Warning: Citation `yildirim2018markov' on page 17 undefined on input line 30.


LaTeX Warning: Citation `MeenaTyagi2021' on page 17 undefined on input line 36.


LaTeX Warning: Citation `Wicht2018' on page 17 undefined on input line 36.



[17]

LaTeX Warning: Citation `salakhutdinov2009' on page 18 undefined on input line 38.


LaTeX Warning: Citation `larochelle2009exploring' on page 18 undefined on input line 38.


LaTeX Warning: Citation `ciresan2011flexible' on page 18 undefined on input line 38.


LaTeX Warning: Citation `krizhevsky2012imagenet' on page 18 undefined on input line 38.


LaTeX Warning: Citation `ji2012' on page 18 undefined on input line 38.


LaTeX Warning: Citation `fridrich2012rich' on page 18 undefined on input line 40.


LaTeX Warning: Citation `Cozzolino2016' on page 18 undefined on input line 40.


LaTeX Warning: Citation `rao2016' on page 18 undefined on input line 40.


LaTeX Warning: Citation `tyagi2023mininet' on page 18 undefined on input line 44.


LaTeX Warning: Citation `bunk2017detection' on page 18 undefined on input line 44.


LaTeX Warning: Citation `wang2019detection' on page 18 undefined on input line 44.


LaTeX Warning: Citation `zanardelli2023image' on page 18 undefined on input line 44.


LaTeX Warning: Citation `Rao2020DeepLL' on page 18 undefined on input line 47.


LaTeX Warning: Citation `liu2018locating' on page 18 undefined on input line 47.


LaTeX Warning: Citation `pomari2018image' on page 18 undefined on input line 47.


LaTeX Warning: Citation `chen2018improved' on page 18 undefined on input line 47.


LaTeX Warning: Citation `liu2018locating' on page 18 undefined on input line 47.



[18]

LaTeX Warning: Citation `ahmed2020image' on page 19 undefined on input line 49.


LaTeX Warning: Citation `guo2023hierarchical' on page 19 undefined on input line 49.


LaTeX Warning: Citation `tyagi2023mininet' on page 19 undefined on input line 49.


LaTeX Warning: Citation `bianchi2011improved' on page 19 undefined on input line 55.


LaTeX Warning: Citation `luo2010jpeg' on page 19 undefined on input line 55.


LaTeX Warning: Citation `lin2009fast' on page 19 undefined on input line 55.


LaTeX Warning: Citation `Sharma2019' on page 19 undefined on input line 55.


LaTeX Warning: Citation `wang2019detection' on page 19 undefined on input line 57.


LaTeX Warning: Citation `Rao2020DeepLL' on page 19 undefined on input line 57.


LaTeX Warning: Citation `rao2016' on page 19 undefined on input line 57.


LaTeX Warning: Citation `noh2015learning' on page 19 undefined on input line 57.


LaTeX Warning: Citation `huh2018fighting' on page 19 undefined on input line 57.


LaTeX Warning: Citation `bunk2017detection' on page 19 undefined on input line 57.



[19]

LaTeX Warning: Citation `horváth2021manipulation' on page 20 undefined on input line 61.


LaTeX Warning: Citation `wang2020linformer' on page 20 undefined on input line 61.


LaTeX Warning: Citation `hao2021transforensics' on page 20 undefined on input line 63.


LaTeX Warning: Citation `wang2022objectformer' on page 20 undefined on input line 63.


LaTeX Warning: Citation `ma2023imlvit' on page 20 undefined on input line 65.


LaTeX Warning: Citation `wang2022objectformer' on page 20 undefined on input line 65.


LaTeX Warning: Citation `hao2021transforensics' on page 20 undefined on input line 65.



[20]

LaTeX Warning: Citation `ma2023imlvit' on page 21 undefined on input line 68.


LaTeX Warning: Citation `zhang2021image' on page 21 undefined on input line 68.

)

[21]
\openout2 = `sections/proposedmethod.aux'.

 (./sections/proposedmethod.tex
Chapter 4.

LaTeX Warning: Reference `fig:ELA' on page 22 undefined on input line 13.



[22




]
<figures/ELA.png, id=185, 443.256pt x 151.16475pt>
File: figures/ELA.png Graphic file (type png)
<use figures/ELA.png>
Package pdftex.def Info: figures/ELA.png  used on input line 17.
(pdftex.def)             Requested size: 362.37569pt x 123.58221pt.


LaTeX Warning: Citation `DenseNet' on page 23 undefined on input line 22.


LaTeX Warning: Citation `DenseNet' on page 23 undefined on input line 22.



[23 <./figures/ELA.png>]

LaTeX Warning: Citation `ma2023imlvit' on page 24 undefined on input line 30.

<IMLViT.png, id=193, 487.8225pt x 218.0145pt>
File: IMLViT.png Graphic file (type png)
<use IMLViT.png>
Package pdftex.def Info: IMLViT.png  used on input line 36.
(pdftex.def)             Requested size: 339.72592pt x 151.83066pt.

LaTeX Warning: Citation `ma2023imlvit' on page 24 undefined on input line 37.


LaTeX Warning: Citation `ma2023imlvit' on page 24 undefined on input line 37.



[24]

LaTeX Warning: Citation `huh2018fighting' on page 25 undefined on input line 43.


LaTeX Warning: Citation `Kniaz2019ThePW' on page 25 undefined on input line 50.


LaTeX Warning: Reference `table:datasets' on page 25 undefined on input line 50.


LaTeX Warning: Citation `huh2018fighting' on page 25 undefined on input line 50.


Underfull \vbox (badness 1107) has occurred while \output is active []



[25 <./IMLViT.png>]

LaTeX Warning: Reference `fig:expanded' on page 26 undefined on input line 52.

<EITW.png, id=205, 380.622pt x 186.6975pt>
File: EITW.png Graphic file (type png)
<use EITW.png>
Package pdftex.def Info: EITW.png  used on input line 56.
(pdftex.def)             Requested size: 339.72592pt x 166.64738pt.

LaTeX Warning: No positions in optional float specifier.
               Default added (so using `tbp') on input line 61.


Underfull \hbox (badness 10000) in paragraph at lines 66--66
[]|\OT1/cmr/m/n/12 Dataset
 []


Underfull \hbox (badness 10000) in paragraph at lines 66--66
[]|\OT1/cmr/m/n/12 Forgery
 []


Overfull \hbox (6.73552pt too wide) in paragraph at lines 66--66
[]|\OT1/cmr/m/n/12 Real/Forged
 []


Underfull \hbox (badness 10000) in paragraph at lines 66--66
[]|\OT1/cmr/m/n/12 Image
 []


Underfull \hbox (badness 10000) in paragraph at lines 66--66
[]|\OT1/cmr/m/n/12 Post-
 []


Underfull \hbox (badness 10000) in paragraph at lines 67--67
[]|\OT1/cmr/m/n/12 Splicing,
 []


Underfull \hbox (badness 10000) in paragraph at lines 67--67
\OT1/cmr/m/n/12 copy
 []


Underfull \hbox (badness 10000) in paragraph at lines 67--67
\OT1/cmr/m/n/12 move,
 []


Underfull \hbox (badness 10000) in paragraph at lines 67--67
[]|\OT1/cmr/m/n/12 TIFF,
 []


Underfull \hbox (badness 10000) in paragraph at lines 67--67
\OT1/cmr/m/n/12 JPEG,
 []


Underfull \hbox (badness 10000) in paragraph at lines 68--68
[]|\OT1/cmr/m/n/12 Splicing,
 []


Underfull \hbox (badness 10000) in paragraph at lines 68--68
\OT1/cmr/m/n/12 copy
 []


Underfull \hbox (badness 10000) in paragraph at lines 68--68
\OT1/cmr/m/n/12 move,
 []


Underfull \hbox (badness 10000) in paragraph at lines 68--68
[]|\OT1/cmr/m/n/12 TIFF,
 []


Underfull \hbox (badness 10000) in paragraph at lines 68--68
\OT1/cmr/m/n/12 JPEG,
 []


Underfull \hbox (badness 10000) in paragraph at lines 69--69
[]|\OT1/cmr/m/n/12 Columbia
 []


Underfull \hbox (badness 10000) in paragraph at lines 70--70
[]|\OT1/cmr/m/n/12 Columbia
 []


Underfull \hbox (badness 10000) in paragraph at lines 72--72
[]|\OT1/cmr/m/n/12 Splicing,
 []


Underfull \hbox (badness 10000) in paragraph at lines 72--72
\OT1/cmr/m/n/12 copy
 []


Underfull \hbox (badness 10000) in paragraph at lines 72--72
\OT1/cmr/m/n/12 move,
 []


Overfull \hbox (7.71883pt too wide) in paragraph at lines 72--72
[]|\OT1/cmr/m/n/12 35000/35000| 
 []


Underfull \hbox (badness 10000) in paragraph at lines 73--73
[]|\OT1/cmr/m/n/12 Splicing,
 []


Underfull \hbox (badness 10000) in paragraph at lines 73--73
\OT1/cmr/m/n/12 copy
 []


Underfull \hbox (badness 10000) in paragraph at lines 73--73
\OT1/cmr/m/n/12 move,
 []


Underfull \hbox (badness 10000) in paragraph at lines 74--74
[]|\OT1/cmr/m/n/12 Fantastic
 []


Overfull \hbox (1.84389pt too wide) in paragraph at lines 74--74
[]|\OT1/cmr/m/n/12 12000/1000| 
 []


Underfull \hbox (badness 10000) in paragraph at lines 75--75
[]|\OT1/cmr/m/n/12 Realistic
 []


Underfull \hbox (badness 10000) in paragraph at lines 75--75
[]|\OT1/cmr/m/n/12 Object
 []


Underfull \hbox (badness 10000) in paragraph at lines 75--75
\OT1/cmr/m/n/12 in-ser-tion,
 []


Underfull \hbox (badness 10000) in paragraph at lines 76--76
[]|\OT1/cmr/m/n/12 Splicing,
 []


Underfull \hbox (badness 10000) in paragraph at lines 76--76
\OT1/cmr/m/n/12 copy
 []


Underfull \hbox (badness 10000) in paragraph at lines 76--76
\OT1/cmr/m/n/12 move,
 []


Underfull \hbox (badness 10000) in paragraph at lines 76--76
[]|\OT1/cmr/m/n/12 JPEG,
 []


Underfull \hbox (badness 10000) in paragraph at lines 76--76
\OT1/cmr/m/n/12 PNG,
 []


Underfull \hbox (badness 10000) in paragraph at lines 77--77
[]|\OT1/cmr/m/n/12 Splicing,
 []


Underfull \hbox (badness 10000) in paragraph at lines 77--77
\OT1/cmr/m/n/12 copy
 []


Underfull \hbox (badness 10000) in paragraph at lines 77--77
\OT1/cmr/m/n/12 move,
 []


Underfull \hbox (badness 10000) in paragraph at lines 77--77
[]|\OT1/cmr/m/n/12 JPEG,
 []


LaTeX Warning: Float too large for page by 34.86566pt on input line 81.

)

[26 <./EITW.png>]

[27]
\openout2 = `sections/results.aux'.

 (./sections/results.tex
Chapter 5.

LaTeX Warning: Citation `MeenaTyagi2019' on page 28 undefined on input line 9.


Overfull \hbox (3.10237pt too wide) in paragraph at lines 9--10
[]\OT1/cmr/m/n/12 After ex-ten-sive re-search, the CNN-backbone can-di-dates were cho-sen, namely: AlexNet,
 []


LaTeX Warning: Reference `table:Candidates' on page 28 undefined on input line 11.



[28




]

LaTeX Warning: Citation `zhang2021image' on page 29 undefined on input line 39.


LaTeX Warning: Citation `krawetz2007picture' on page 29 undefined on input line 39.


LaTeX Warning: Citation `tyagi2023mininet' on page 29 undefined on input line 39.


LaTeX Warning: Reference `table:benchmarks' on page 29 undefined on input line 39.


LaTeX Warning: `!h' float specifier changed to `!ht'.


LaTeX Warning: Citation `huh2018fighting' on page 29 undefined on input line 58.


LaTeX Warning: Reference `fig:ViTAdam' on page 29 undefined on input line 58.


LaTeX Warning: Reference `fig:ViTSGD' on page 29 undefined on input line 58.



[29]

LaTeX Warning: Reference `table:vitresults' on page 30 undefined on input line 62.

<ViTAdam.png, id=232, 357.13425pt x 388.45125pt>
File: ViTAdam.png Graphic file (type png)
<use ViTAdam.png>
Package pdftex.def Info: ViTAdam.png  used on input line 68.
(pdftex.def)             Requested size: 407.66833pt x 443.42581pt.
<ViTSGD.png, id=233, 353.52075pt x 386.6445pt>
File: ViTSGD.png Graphic file (type png)
<use ViTSGD.png>
Package pdftex.def Info: ViTSGD.png  used on input line 75.
(pdftex.def)             Requested size: 452.9679pt x 495.43425pt.

LaTeX Warning: No positions in optional float specifier.
               Default added (so using `tbp') on input line 80.

)

[30]

[31 <./ViTAdam.png>]

[32 <./ViTSGD.png>]
\openout2 = `sections/conclusion.aux'.

 (./sections/conclusion.tex
Chapter 6.
)

[33




]
\openout2 = `appendix.aux'.

 (./appendix.tex

[34




]
No file bachelor.lof.
\tf@lof=\write6
\openout6 = `bachelor.lof'.



[35

]
No file bachelor.lot.
\tf@lot=\write7
\openout7 = `bachelor.lot'.

)

[36

] (./bachelor.bbl

[37



]
./bachelor.bbl:104: Misplaced alignment tab character &.
l.104 \newblock {\em Philosophy &
                                 amp;amp; Technology}, 34(4):623–643, 2020.
I can't figure out why you would want to use a tab mark
here. If you just want an ampersand, the remedy is
simple: Just type `I\&' now. But if some right brace
up above has ended a previous alignment prematurely,
you're probably due for more error messages, and you
might try typing `S' now just to see what is salvageable.

./bachelor.bbl:109: Misplaced alignment tab character &.
l.109 \newblock {\em Computers &
                                 Electrical Engineering}, 85:106685, 2020.
I can't figure out why you would want to use a tab mark
here. If you just want an ampersand, the remedy is
simple: Just type `I\&' now. But if some right brace
up above has ended a previous alignment prematurely,
you're probably due for more error messages, and you
might try typing `S' now just to see what is salvageable.



[38]

[39]

[40]

[41]

[42]

[43]
Underfull \hbox (badness 7907) in paragraph at lines 485--488
[]\OT1/cmr/m/n/12 Hafiz ur Rhh-man, Muham-mad Arif, An-war Ul-lah, Sadam Al-Azani,
 []



[44]

[45])

[46] (./bachelor.aux (./title_page.aux) (./acknowledgments.aux) (./abstract.aux) (./sections/introduction.aux) (./sections/background.aux) (./sections/relatedwork.aux) (./sections/proposedmethod.aux) (./sections/results.aux) (./sections/conclusion.aux) (./appendix.aux))
 ***********
LaTeX2e <2024-06-01> patch level 2
L3 programming layer <2024-08-30>
 ***********


LaTeX Warning: There were undefined references.


LaTeX Warning: Label(s) may have changed. Rerun to get cross-references right.


Package rerunfilecheck Warning: File `bachelor.out' has changed.
(rerunfilecheck)                Rerun to get outlines right
(rerunfilecheck)                or use package `bookmark'.

Package rerunfilecheck Info: Checksums for `bachelor.out':
(rerunfilecheck)             Before: <no file>
(rerunfilecheck)             After:  869FD3E3EB9929307189125E02120BDA;5278.
 ) 
Here is how much of TeX's memory you used:
 24148 strings out of 473579
 449316 string characters out of 5732263
 819074 words of memory out of 5000000
 46352 multiletter control sequences out of 15000+600000
 566768 words of font info for 65 fonts, out of 8000000 for 9000
 1141 hyphenation exceptions out of 8191
 99i,11n,101p,2199b,628s stack positions out of 10000i,1000n,20000p,200000b,200000s
<c:/texlive/2024/texmf-dist/fonts/type1/public/amsfonts/cm/cmbx10.pfb><c:/texlive/2024/texmf-dist/fonts/type1/public/amsfonts/cm/cmbx12.pfb><c:/texlive/2024/texmf-dist/fonts/type1/public/amsfonts/cm/cmbxti10.pfb><c:/texlive/2024/texmf-dist/fonts/type1/public/amsfonts/cm/cmmi12.pfb><c:/texlive/2024/texmf-dist/fonts/type1/public/amsfonts/cm/cmr10.pfb><c:/texlive/2024/texmf-dist/fonts/type1/public/amsfonts/cm/cmr12.pfb><c:/texlive/2024/texmf-dist/fonts/type1/public/amsfonts/cm/cmsl12.pfb><c:/texlive/2024/texmf-dist/fonts/type1/public/amsfonts/cm/cmsy10.pfb><c:/texlive/2024/texmf-dist/fonts/type1/public/amsfonts/cm/cmti10.pfb><c:/texlive/2024/texmf-dist/fonts/type1/public/amsfonts/cm/cmti12.pfb>
Output written on bachelor.pdf (51 pages, 1947153 bytes).
PDF statistics:
 537 PDF objects out of 1000 (max. 8388607)
 434 compressed objects within 5 object streams
 234 named destinations out of 1000 (max. 500000)
 88 words of extra memory for PDF output out of 10000 (max. 10000000)

