INFO:  ANSI Code Page: 1252
INFO:  latexindent.exe version 3.24.4, 2024-07-18, a script to indent .tex files
       latexindent.exe lives here: C:/texlive/2024/bin/windows/
       Mon Dec 23 17:56:12 2024
       Filename: c:/Users/Eyad Tamer/Downloads/Bachelor/Thesis-Paper/Draft-Paper/sections/__latexindent_temp_proposedmethod.tex
INFO:  Processing switches:
       -y|--yaml: YAML settings specified via command line
       -c|--cruft: cruft directory
INFO:  Directory for backup files and log file c:\Users\Eyad Tamer\Downloads\Bachelor\Thesis-Paper\Draft-Paper\indent.log:
       c:\Users\Eyad Tamer\Downloads\Bachelor\Thesis-Paper\Draft-Paper\
INFO:  YAML settings read: defaultSettings.yaml
       Reading defaultSettings.yaml from C:/texlive/2024/bin/windows/defaultSettings.yaml
       Reading defaultSettings.yaml (2nd attempt) from C:/texlive/2024/bin/windows/../../texmf-dist/scripts/latexindent/defaultSettings.yaml
       and then, if necessary, C:/texlive/2024/bin/windows/LatexIndent/defaultSettings.yaml
INFO:  YAML reading settings
       Home directory is C:\Users\Eyad Tamer
       latexindent.pl didn't find indentconfig.yaml or .indentconfig.yaml
       see all possible locations: https://latexindentpl.readthedocs.io/en/latest/sec-appendices.html#indentconfig-options)
INFO:  YAML settings read: -y switch
       YAML setting: defaultIndent:'    '
       single-quoted string found in -y switch: '    ', substitute to     
       Updating mainSettings with defaultIndent:     
FATAL I couldn't find c:/Users/Eyad Tamer/Downloads/Bachelor/Thesis-Paper/Draft-Paper/sections/__latexindent_temp_proposedmethod.tex, are you sure it exists?
      Exiting, no indentation done.
       --------------
INFO:  Please direct all communication/issues to:
        https://github.com/cmhughes/latexindent.pl
