\BOOKMARK [1][-]{section.1}{\376\377\000I\000n\000t\000r\000o\000d\000u\000c\000t\000i\000o\000n}{}% 1
\BOOKMARK [1][-]{section.2}{\376\377\000U\000s\000e\000\040\000o\000f\000\040\000G\000a\000m\000i\000f\000i\000c\000a\000t\000i\000o\000n\000\040\000a\000n\000d\000\040\000G\000a\000m\000e\000-\000B\000a\000s\000e\000d\000\040\000L\000e\000a\000r\000n\000i\000n\000g\000\040\000i\000n\000\040\000E\000d\000u\000c\000a\000t\000i\000n\000g\000\040\000G\000e\000n\000e\000r\000a\000t\000i\000o\000n\000\040\000A\000l\000p\000h\000a\000:\000\040\000A\000\040\000S\000y\000s\000t\000e\000m\000a\000t\000i\000c\000\040\000L\000i\000t\000e\000r\000a\000t\000u\000r\000e\000\040\000R\000e\000v\000i\000e\000w}{}% 2
\BOOKMARK [2][-]{subsection.2.1}{\376\377\000A\000u\000t\000h\000o\000r\000s}{section.2}% 3
\BOOKMARK [2][-]{subsection.2.2}{\376\377\000P\000u\000b\000l\000i\000c\000a\000t\000i\000o\000n}{section.2}% 4
\BOOKMARK [2][-]{subsection.2.3}{\376\377\000R\000e\000l\000e\000v\000a\000n\000t\000\040\000t\000o\000\040\000t\000h\000e\000\040\000M\000y\000\040\000R\000e\000s\000e\000a\000r\000c\000h}{section.2}% 5
\BOOKMARK [2][-]{subsection.2.4}{\376\377\000A\000i\000m}{section.2}% 6
\BOOKMARK [2][-]{subsection.2.5}{\376\377\000K\000e\000y\000\040\000F\000o\000c\000u\000s\000\040\000A\000r\000e\000a\000s}{section.2}% 7
\BOOKMARK [2][-]{subsection.2.6}{\376\377\000G\000a\000p\000s\000\040\000A\000d\000d\000r\000e\000s\000s\000e\000d}{section.2}% 8
\BOOKMARK [2][-]{subsection.2.7}{\376\377\000F\000i\000n\000d\000i\000n\000g\000s}{section.2}% 9
\BOOKMARK [2][-]{subsection.2.8}{\376\377\000F\000u\000t\000u\000r\000e\000\040\000W\000o\000r\000k}{section.2}% 10
\BOOKMARK [2][-]{subsection.2.9}{\376\377\000N\000o\000t\000e\000s}{section.2}% 11
\BOOKMARK [1][-]{section.3}{\376\377\000G\000e\000n\000e\000r\000a\000t\000i\000v\000e\000\040\000A\000I\000\040\000f\000o\000r\000\040\000C\000u\000s\000t\000o\000m\000i\000z\000a\000b\000l\000e\000\040\000L\000e\000a\000r\000n\000i\000n\000g\000\040\000E\000x\000p\000e\000r\000i\000e\000n\000c\000e\000s}{}% 12
\BOOKMARK [2][-]{subsection.3.1}{\376\377\000A\000u\000t\000h\000o\000r\000s}{section.3}% 13
\BOOKMARK [2][-]{subsection.3.2}{\376\377\000P\000u\000b\000l\000i\000c\000a\000t\000i\000o\000n}{section.3}% 14
\BOOKMARK [2][-]{subsection.3.3}{\376\377\000R\000e\000l\000e\000v\000a\000n\000t\000\040\000t\000o\000\040\000M\000y\000\040\000R\000e\000s\000e\000a\000r\000c\000h}{section.3}% 15
\BOOKMARK [2][-]{subsection.3.4}{\376\377\000A\000i\000m}{section.3}% 16
\BOOKMARK [2][-]{subsection.3.5}{\376\377\000K\000e\000y\000\040\000F\000o\000c\000u\000s\000\040\000A\000r\000e\000a\000s}{section.3}% 17
\BOOKMARK [2][-]{subsection.3.6}{\376\377\000G\000a\000p\000s\000\040\000A\000d\000d\000r\000e\000s\000s\000e\000d}{section.3}% 18
\BOOKMARK [2][-]{subsection.3.7}{\376\377\000F\000i\000n\000d\000i\000n\000g\000s}{section.3}% 19
\BOOKMARK [2][-]{subsection.3.8}{\376\377\000F\000u\000t\000u\000r\000e\000\040\000W\000o\000r\000k}{section.3}% 20
\BOOKMARK [2][-]{subsection.3.9}{\376\377\000N\000o\000t\000e\000s}{section.3}% 21
\BOOKMARK [1][-]{section.4}{\376\377\000A\000r\000t\000\040\000o\000f\000\040\000C\000o\000m\000p\000u\000t\000e\000r\000\040\000G\000a\000m\000e\000\040\000D\000e\000s\000i\000g\000n}{}% 22
\BOOKMARK [2][-]{subsection.4.1}{\376\377\000A\000u\000t\000h\000o\000r\000s}{section.4}% 23
\BOOKMARK [2][-]{subsection.4.2}{\376\377\000P\000u\000b\000l\000i\000c\000a\000t\000i\000o\000n}{section.4}% 24
\BOOKMARK [2][-]{subsection.4.3}{\376\377\000R\000e\000l\000e\000v\000a\000n\000t\000\040\000t\000o\000\040\000M\000y\000\040\000R\000e\000s\000e\000a\000r\000c\000h}{section.4}% 25
\BOOKMARK [2][-]{subsection.4.4}{\376\377\000A\000i\000m}{section.4}% 26
\BOOKMARK [2][-]{subsection.4.5}{\376\377\000K\000e\000y\000\040\000F\000o\000c\000u\000s\000\040\000A\000r\000e\000a\000s}{section.4}% 27
\BOOKMARK [2][-]{subsection.4.6}{\376\377\000G\000a\000p\000s\000\040\000A\000d\000d\000r\000e\000s\000s\000e\000d}{section.4}% 28
\BOOKMARK [2][-]{subsection.4.7}{\376\377\000F\000i\000n\000d\000i\000n\000g\000s}{section.4}% 29
\BOOKMARK [2][-]{subsection.4.8}{\376\377\000F\000u\000t\000u\000r\000e\000\040\000W\000o\000r\000k}{section.4}% 30
\BOOKMARK [2][-]{subsection.4.9}{\376\377\000N\000o\000t\000e\000s}{section.4}% 31
\BOOKMARK [1][-]{section.5}{\376\377\000A\000u\000t\000o\000m\000a\000t\000i\000c\000\040\000G\000e\000n\000e\000r\000a\000t\000i\000o\000n\000\040\000a\000n\000d\000\040\000R\000e\000c\000o\000m\000m\000e\000n\000d\000a\000t\000i\000o\000n\000\040\000o\000f\000\040\000P\000e\000r\000s\000o\000n\000a\000l\000i\000z\000e\000d\000\040\000C\000h\000a\000l\000l\000e\000n\000g\000e\000s\000\040\000f\000o\000r\000\040\000G\000a\000m\000i\000f\000i\000c\000a\000t\000i\000o\000n}{}% 32
\BOOKMARK [2][-]{subsection.5.1}{\376\377\000A\000u\000t\000h\000o\000r\000s}{section.5}% 33
\BOOKMARK [2][-]{subsection.5.2}{\376\377\000P\000u\000b\000l\000i\000c\000a\000t\000i\000o\000n}{section.5}% 34
\BOOKMARK [2][-]{subsection.5.3}{\376\377\000R\000e\000l\000e\000v\000a\000n\000t\000\040\000t\000o\000\040\000M\000y\000\040\000R\000e\000s\000e\000a\000r\000c\000h}{section.5}% 35
\BOOKMARK [2][-]{subsection.5.4}{\376\377\000A\000i\000m}{section.5}% 36
\BOOKMARK [2][-]{subsection.5.5}{\376\377\000K\000e\000y\000\040\000F\000o\000c\000u\000s\000\040\000A\000r\000e\000a\000s}{section.5}% 37
\BOOKMARK [2][-]{subsection.5.6}{\376\377\000G\000a\000p\000s\000\040\000A\000d\000d\000r\000e\000s\000s\000e\000d}{section.5}% 38
\BOOKMARK [2][-]{subsection.5.7}{\376\377\000F\000i\000n\000d\000i\000n\000g\000s}{section.5}% 39
\BOOKMARK [2][-]{subsection.5.8}{\376\377\000L\000i\000m\000i\000t\000a\000t\000i\000o\000n\000s}{section.5}% 40
\BOOKMARK [2][-]{subsection.5.9}{\376\377\000F\000u\000t\000u\000r\000e\000\040\000W\000o\000r\000k}{section.5}% 41
\BOOKMARK [1][-]{section.6}{\376\377\000N\000o\000t\000e\000s}{}% 42
\BOOKMARK [2][-]{subsection.6.1}{\376\377\000R\000e\000s\000e\000a\000r\000c\000h\000\040\000Q\000u\000e\000s\000t\000i\000o\000n\000s}{section.6}% 43
\BOOKMARK [2][-]{subsection.6.2}{\376\377\000T\000r\000e\000n\000t\000o\000\040\000P\000l\000a\000y\000\046\000G\000o\000:\000\040\000A\000\040\000G\000a\000m\000i\000f\000i\000c\000a\000t\000i\000o\000n\000\040\000C\000a\000m\000p\000a\000i\000g\000n}{section.6}% 44
\BOOKMARK [2][-]{subsection.6.3}{\376\377\000T\000h\000e\000\040\000C\000h\000a\000l\000l\000e\000n\000g\000e\000\040\000M\000o\000d\000e\000l}{section.6}% 45
\BOOKMARK [2][-]{subsection.6.4}{\376\377\000E\000x\000a\000m\000p\000l\000e\000\040\000C\000h\000a\000l\000l\000e\000n\000g\000e\000s}{section.6}% 46
\BOOKMARK [2][-]{subsection.6.5}{\376\377\000H\000o\000w\000\040\000t\000h\000e\000\040\000S\000y\000s\000t\000e\000m\000\040\000W\000o\000r\000k\000s}{section.6}% 47
\BOOKMARK [2][-]{subsection.6.6}{\376\377\000R\000Q\0001\000:\000\040\000P\000l\000a\000y\000e\000r\000\040\000A\000c\000c\000e\000p\000t\000a\000n\000c\000e}{section.6}% 48
\BOOKMARK [2][-]{subsection.6.7}{\376\377\000R\000Q\0002\000:\000\040\000C\000h\000a\000l\000l\000e\000n\000g\000e\000\040\000I\000m\000p\000a\000c\000t}{section.6}% 49
\BOOKMARK [1][-]{section.7}{\376\377\000R\000Q\0003\000:\000\040\000R\000e\000w\000a\000r\000d\000\040\000E\000f\000f\000i\000c\000i\000e\000n\000c\000y}{}% 50
\BOOKMARK [1][-]{section.8}{\376\377\000T\000e\000r\000m\000i\000n\000l\000o\000l\000o\000g\000y}{}% 51
\BOOKMARK [1][-]{section.9}{\376\377\000M\000D\000A\000:\000\040\000A\000\040\000F\000o\000r\000m\000a\000l\000\040\000A\000p\000p\000r\000o\000a\000c\000h\000\040\000t\000o\000\040\000G\000a\000m\000e\000\040\000D\000e\000s\000i\000g\000n\000\040\000a\000n\000d\000\040\000G\000a\000m\000e\000\040\000R\000e\000s\000e\000a\000r\000c\000h}{}% 52
\BOOKMARK [2][-]{subsection.9.1}{\376\377\000A\000u\000t\000h\000o\000r\000s}{section.9}% 53
\BOOKMARK [2][-]{subsection.9.2}{\376\377\000P\000u\000b\000l\000i\000c\000a\000t\000i\000o\000n}{section.9}% 54
\BOOKMARK [2][-]{subsection.9.3}{\376\377\000R\000e\000l\000e\000v\000a\000n\000t\000\040\000t\000o\000\040\000M\000y\000\040\000R\000e\000s\000e\000a\000r\000c\000h}{section.9}% 55
\BOOKMARK [2][-]{subsection.9.4}{\376\377\000A\000i\000m}{section.9}% 56
\BOOKMARK [2][-]{subsection.9.5}{\376\377\000K\000e\000y\000\040\000F\000o\000c\000u\000s\000\040\000A\000r\000e\000a\000s}{section.9}% 57
\BOOKMARK [2][-]{subsection.9.6}{\376\377\000G\000a\000p\000s\000\040\000A\000d\000d\000r\000e\000s\000s\000e\000d}{section.9}% 58
\BOOKMARK [2][-]{subsection.9.7}{\376\377\000G\000a\000p\000\040\000i\000n\000\040\000t\000h\000e\000\040\000R\000e\000s\000e\000a\000r\000c\000h}{section.9}% 59
\BOOKMARK [2][-]{subsection.9.8}{\376\377\000F\000i\000n\000d\000i\000n\000g\000s}{section.9}% 60
\BOOKMARK [2][-]{subsection.9.9}{\376\377\000F\000u\000t\000u\000r\000e\000\040\000W\000o\000r\000k}{section.9}% 61
\BOOKMARK [1][-]{section.10}{\376\377\000N\000o\000t\000e\000s}{}% 62
\BOOKMARK [1][-]{section.11}{\376\377\000T\000e\000r\000m\000i\000n\000l\000o\000l\000o\000g\000y}{}% 63
\BOOKMARK [1][-]{section.12}{\376\377\000C\000a\000t\000e\000g\000o\000r\000i\000z\000i\000n\000g\000\040\000G\000a\000m\000e\000\040\000D\000e\000s\000i\000g\000n\000\040\000E\000l\000e\000m\000e\000n\000t\000s\000\040\000i\000n\000t\000o\000\040\000E\000d\000u\000c\000a\000t\000i\000o\000n\000a\000l\000\040\000G\000a\000m\000e\000\040\000D\000e\000s\000i\000g\000n\000\040\000F\000u\000n\000d\000a\000m\000e\000n\000t\000a\000l\000s}{}% 64
\BOOKMARK [2][-]{subsection.12.1}{\376\377\000A\000u\000t\000h\000o\000r\000s}{section.12}% 65
\BOOKMARK [2][-]{subsection.12.2}{\376\377\000P\000u\000b\000l\000i\000c\000a\000t\000i\000o\000n}{section.12}% 66
\BOOKMARK [2][-]{subsection.12.3}{\376\377\000R\000e\000l\000e\000v\000a\000n\000t\000\040\000t\000o\000\040\000M\000y\000\040\000R\000e\000s\000e\000a\000r\000c\000h}{section.12}% 67
\BOOKMARK [2][-]{subsection.12.4}{\376\377\000A\000i\000m}{section.12}% 68
\BOOKMARK [2][-]{subsection.12.5}{\376\377\000K\000e\000y\000\040\000F\000o\000c\000u\000s\000\040\000A\000r\000e\000a\000s}{section.12}% 69
\BOOKMARK [2][-]{subsection.12.6}{\376\377\000G\000a\000p\000s\000\040\000A\000d\000d\000r\000e\000s\000s\000e\000d}{section.12}% 70
\BOOKMARK [2][-]{subsection.12.7}{\376\377\000F\000i\000n\000d\000i\000n\000g\000s}{section.12}% 71
\BOOKMARK [2][-]{subsection.12.8}{\376\377\000F\000u\000t\000u\000r\000e\000\040\000W\000o\000r\000k}{section.12}% 72
\BOOKMARK [1][-]{section.13}{\376\377\000N\000o\000t\000e\000s}{}% 73
\BOOKMARK [1][-]{section.14}{\376\377\000A\000n\000a\000l\000y\000s\000i\000s\000\040\000o\000f\000\040\000G\000a\000m\000e\000\040\000D\000e\000s\000i\000g\000n\000\040\000F\000r\000a\000m\000e\000w\000o\000r\000k\000T\000h\000r\000o\000u\000g\000h\000\040\000E\000l\000e\000m\000e\000n\000t\000a\000l\000\040\000T\000e\000t\000r\000a\000d}{}% 74
\BOOKMARK [2][-]{subsection.14.1}{\376\377\000A\000u\000t\000h\000o\000r\000s}{section.14}% 75
\BOOKMARK [2][-]{subsection.14.2}{\376\377\000P\000u\000b\000l\000i\000c\000a\000t\000i\000o\000n}{section.14}% 76
\BOOKMARK [2][-]{subsection.14.3}{\376\377\000R\000e\000l\000e\000v\000a\000n\000t\000\040\000t\000o\000\040\000M\000y\000\040\000R\000e\000s\000e\000a\000r\000c\000h}{section.14}% 77
\BOOKMARK [2][-]{subsection.14.4}{\376\377\000A\000i\000m}{section.14}% 78
\BOOKMARK [2][-]{subsection.14.5}{\376\377\000K\000e\000y\000\040\000F\000o\000c\000u\000s\000\040\000A\000r\000e\000a\000s}{section.14}% 79
\BOOKMARK [2][-]{subsection.14.6}{\376\377\000G\000a\000p\000s\000\040\000A\000d\000d\000r\000e\000s\000s\000e\000d}{section.14}% 80
\BOOKMARK [2][-]{subsection.14.7}{\376\377\000F\000i\000n\000d\000i\000n\000g\000s}{section.14}% 81
\BOOKMARK [2][-]{subsection.14.8}{\376\377\000F\000u\000t\000u\000r\000e\000\040\000W\000o\000r\000k}{section.14}% 82
\BOOKMARK [1][-]{section.15}{\376\377\000N\000o\000t\000e\000s}{}% 83
\BOOKMARK [1][-]{section.16}{\376\377\000S\000G\000A\000M\000E\000:\000\040\000A\000n\000\040\000A\000u\000t\000h\000o\000r\000i\000n\000g\000\040\000T\000o\000o\000l\000\040\000t\000o\000\040\000E\000a\000s\000i\000l\000y\000\040\000C\000r\000e\000a\000t\000e\000\040\000E\000d\000u\000c\000a\000t\000i\000o\000n\000a\000l\000\040\000V\000i\000d\000e\000o\000\040\000G\000a\000m\000e\000s\000\040\000b\000y\000\040\000I\000n\000t\000e\000g\000r\000a\000t\000i\000n\000g\000\040\000S\000C\000O\000R\000M\000-\000C\000o\000m\000p\000l\000i\000a\000n\000t\000\040\000L\000e\000a\000r\000n\000i\000n\000g\000\040\000O\000b\000j\000e\000c\000t\000s}{}% 84
\BOOKMARK [2][-]{subsection.16.1}{\376\377\000A\000u\000t\000h\000o\000r\000s}{section.16}% 85
\BOOKMARK [2][-]{subsection.16.2}{\376\377\000P\000u\000b\000l\000i\000c\000a\000t\000i\000o\000n}{section.16}% 86
\BOOKMARK [2][-]{subsection.16.3}{\376\377\000R\000e\000l\000e\000v\000a\000n\000t\000\040\000t\000o\000\040\000M\000y\000\040\000R\000e\000s\000e\000a\000r\000c\000h}{section.16}% 87
\BOOKMARK [2][-]{subsection.16.4}{\376\377\000A\000i\000m}{section.16}% 88
\BOOKMARK [2][-]{subsection.16.5}{\376\377\000K\000e\000y\000\040\000F\000o\000c\000u\000s\000\040\000A\000r\000e\000a\000s}{section.16}% 89
\BOOKMARK [2][-]{subsection.16.6}{\376\377\000G\000a\000p\000s\000\040\000A\000d\000d\000r\000e\000s\000s\000e\000d}{section.16}% 90
\BOOKMARK [2][-]{subsection.16.7}{\376\377\000F\000i\000n\000d\000i\000n\000g\000s}{section.16}% 91
\BOOKMARK [2][-]{subsection.16.8}{\376\377\000L\000i\000m\000i\000t\000a\000t\000i\000o\000n\000s}{section.16}% 92
\BOOKMARK [2][-]{subsection.16.9}{\376\377\000F\000u\000t\000u\000r\000e\000\040\000W\000o\000r\000k}{section.16}% 93
\BOOKMARK [1][-]{section.17}{\376\377\000N\000o\000t\000e\000s}{}% 94
\BOOKMARK [2][-]{subsection.17.1}{\376\377\000S\000i\000m\000i\000l\000a\000r\000\040\000T\000o\000o\000l\000s\000\040\000t\000o\000\040\000S\000G\000A\000M\000E}{section.17}% 95
\BOOKMARK [1][-]{section.18}{\376\377\000T\000o\000w\000a\000r\000d\000s\000\040\000A\000u\000t\000o\000m\000a\000t\000i\000c\000\040\000P\000e\000r\000s\000o\000n\000a\000l\000i\000z\000e\000d\000\040\000C\000o\000n\000t\000e\000n\000t\000\040\000G\000e\000n\000e\000r\000a\000t\000i\000o\000n\000\040\000f\000o\000r\000\040\000P\000l\000a\000t\000f\000o\000r\000m\000\040\000G\000a\000m\000e\000s}{}% 96
\BOOKMARK [2][-]{subsection.18.1}{\376\377\000A\000u\000t\000h\000o\000r\000s}{section.18}% 97
\BOOKMARK [2][-]{subsection.18.2}{\376\377\000P\000u\000b\000l\000i\000c\000a\000t\000i\000o\000n}{section.18}% 98
\BOOKMARK [2][-]{subsection.18.3}{\376\377\000R\000e\000l\000e\000v\000a\000n\000t\000\040\000t\000o\000\040\000M\000y\000\040\000R\000e\000s\000e\000a\000r\000c\000h}{section.18}% 99
\BOOKMARK [2][-]{subsection.18.4}{\376\377\000A\000i\000m}{section.18}% 100
\BOOKMARK [2][-]{subsection.18.5}{\376\377\000K\000e\000y\000\040\000F\000o\000c\000u\000s\000\040\000A\000r\000e\000a\000s}{section.18}% 101
\BOOKMARK [2][-]{subsection.18.6}{\376\377\000G\000a\000p\000s\000\040\000A\000d\000d\000r\000e\000s\000s\000e\000d}{section.18}% 102
\BOOKMARK [2][-]{subsection.18.7}{\376\377\000F\000i\000n\000d\000i\000n\000g\000s}{section.18}% 103
\BOOKMARK [2][-]{subsection.18.8}{\376\377\000L\000i\000m\000i\000t\000a\000t\000i\000o\000n\000s}{section.18}% 104
\BOOKMARK [2][-]{subsection.18.9}{\376\377\000F\000u\000t\000u\000r\000e\000\040\000W\000o\000r\000k}{section.18}% 105
\BOOKMARK [1][-]{section.19}{\376\377\000N\000o\000t\000e\000s}{}% 106
\BOOKMARK [1][-]{section.20}{\376\377\000C\000o\000m\000p\000a\000r\000i\000n\000g\000\040\000T\000r\000a\000d\000i\000t\000i\000o\000n\000a\000l\000\040\000T\000e\000a\000c\000h\000i\000n\000g\000\040\000a\000n\000d\000\040\000G\000a\000m\000e\000-\000B\000a\000s\000e\000d\000\040\000L\000e\000a\000r\000n\000i\000n\000g\000\040\000u\000s\000i\000n\000g\000\040\000T\000e\000a\000c\000h\000e\000r\000-\000A\000u\000t\000h\000o\000r\000e\000d\000\040\000G\000a\000m\000e\000s\000\040\000o\000n\000\040\000C\000o\000m\000p\000u\000t\000e\000r\000\040\000S\000c\000i\000e\000n\000c\000e\000\040\000E\000d\000u\000c\000a\000t\000i\000o\000n}{}% 107
\BOOKMARK [2][-]{subsection.20.1}{\376\377\000A\000u\000t\000h\000o\000r\000s}{section.20}% 108
\BOOKMARK [2][-]{subsection.20.2}{\376\377\000P\000u\000b\000l\000i\000c\000a\000t\000i\000o\000n}{section.20}% 109
\BOOKMARK [2][-]{subsection.20.3}{\376\377\000R\000e\000l\000e\000v\000a\000n\000t\000\040\000t\000o\000\040\000M\000y\000\040\000R\000e\000s\000e\000a\000r\000c\000h}{section.20}% 110
\BOOKMARK [2][-]{subsection.20.4}{\376\377\000A\000i\000m}{section.20}% 111
\BOOKMARK [2][-]{subsection.20.5}{\376\377\000K\000e\000y\000\040\000F\000o\000c\000u\000s\000\040\000A\000r\000e\000a\000s}{section.20}% 112
\BOOKMARK [2][-]{subsection.20.6}{\376\377\000G\000a\000p\000s\000\040\000A\000d\000d\000r\000e\000s\000s\000e\000d}{section.20}% 113
\BOOKMARK [2][-]{subsection.20.7}{\376\377\000F\000i\000n\000d\000i\000n\000g\000s}{section.20}% 114
\BOOKMARK [2][-]{subsection.20.8}{\376\377\000L\000i\000m\000i\000t\000a\000t\000i\000o\000n\000s}{section.20}% 115
\BOOKMARK [2][-]{subsection.20.9}{\376\377\000F\000u\000t\000u\000r\000e\000\040\000W\000o\000r\000k}{section.20}% 116
\BOOKMARK [1][-]{section.21}{\376\377\000N\000o\000t\000e\000s}{}% 117
\BOOKMARK [1][-]{section.22}{\376\377\000V\000o\000R\000t\000e\000x\000\040\000M\000e\000t\000a\000v\000e\000r\000s\000e\000\040\000P\000l\000a\000t\000f\000o\000r\000m\000\040\000f\000o\000r\000\040\000G\000a\000m\000i\000f\000i\000e\000d\000\040\000C\000o\000l\000l\000a\000b\000o\000r\000a\000t\000i\000v\000e\000\040\000L\000e\000a\000r\000n\000i\000n\000g}{}% 118
\BOOKMARK [2][-]{subsection.22.1}{\376\377\000A\000i\000m}{section.22}% 119
\BOOKMARK [2][-]{subsection.22.2}{\376\377\000K\000e\000y\000\040\000F\000o\000c\000u\000s\000\040\000A\000r\000e\000a\000s}{section.22}% 120
\BOOKMARK [1][-]{section.23}{\376\377\000I\000n\000t\000e\000g\000r\000a\000t\000i\000n\000g\000\040\000G\000e\000n\000e\000r\000a\000t\000i\000v\000e\000\040\000A\000I\000\040\000i\000n\000\040\000H\000a\000c\000k\000a\000t\000h\000o\000n\000s\000:\000\040\000O\000p\000p\000o\000r\000t\000u\000n\000i\000t\000i\000e\000s\000,\000\040\000C\000h\000a\000l\000l\000e\000n\000g\000e\000s\000,\000\040\000a\000n\000d\000\040\000E\000d\000u\000c\000a\000t\000i\000o\000n\000a\000l\000\040\000I\000m\000p\000l\000i\000c\000a\000t\000i\000o\000n\000s}{}% 121
\BOOKMARK [2][-]{subsection.23.1}{\376\377\000A\000i\000m}{section.23}% 122
\BOOKMARK [2][-]{subsection.23.2}{\376\377\000K\000e\000y\000\040\000F\000o\000c\000u\000s\000\040\000A\000r\000e\000a\000s}{section.23}% 123
\BOOKMARK [1][-]{section.24}{\376\377\000D\000e\000v\000e\000l\000o\000p\000m\000e\000n\000t\000\040\000o\000f\000\040\000G\000a\000m\000i\000f\000i\000c\000a\000t\000i\000o\000n\000\040\000M\000o\000d\000e\000l\000\040\000f\000o\000r\000\040\000P\000e\000r\000s\000o\000n\000a\000l\000i\000z\000e\000d\000\040\000E\000-\000L\000e\000a\000r\000n\000i\000n\000g}{}% 124
\BOOKMARK [2][-]{subsection.24.1}{\376\377\000A\000i\000m}{section.24}% 125
\BOOKMARK [2][-]{subsection.24.2}{\376\377\000K\000e\000y\000\040\000F\000o\000c\000u\000s\000\040\000A\000r\000e\000a\000s}{section.24}% 126
\BOOKMARK [1][-]{section.25}{\376\377\000S\000c\000r\000i\000b\000b\000l\000e\000s\000\040\000a\000n\000d\000\040\000b\000r\000a\000i\000n\000s\000t\000o\000r\000m\000i\000n\000g\000\040\000o\000n\000\040\000t\000h\000e\000\040\000s\000i\000d\000e}{}% 127
\BOOKMARK [2][-]{subsection.25.1}{\376\377\000Q\000u\000e\000s\000t\000i\000o\000n\000s\000\040\000t\000o\000\040\000E\000x\000p\000l\000o\000r\000e\000\040\000a\000n\000d\000\040\000r\000e\000f\000l\000e\000c\000t\000\040\000o\000n\000\040\000w\000h\000e\000n\000\040\000r\000e\000a\000d\000i\000n\000g}{section.25}% 128
\BOOKMARK [2][-]{subsection.25.2}{\376\377\000G\000a\000m\000e\000\040\000I\000d\000e\000a\000s}{section.25}% 129
